# JRE version: Java(TM) SE Runtime Environment (8.0_251-b08) (build 1.8.0_251-b08)
# Java VM: Java HotSpot(TM) 64-Bit Server VM (25.251-b08 mixed mode windows-amd64 compressed oops)
Heap:
 PSYoungGen      total 387584K, used 262407K [0x00000000d5f80000, 0x00000000ef380000, 0x0000000100000000)
  eden space 371200K, 70% used [0x00000000d5f80000,0x00000000e5fc1c58,0x00000000eca00000)
  from space 16384K, 0% used [0x00000000ed980000,0x00000000ed980000,0x00000000ee980000)
  to   space 15872K, 0% used [0x00000000eca00000,0x00000000eca00000,0x00000000ed980000)
 ParOldGen       total 216576K, used 92512K [0x0000000081e00000, 0x000000008f180000, 0x00000000d5f80000)
  object space 216576K, 42% used [0x0000000081e00000,0x0000000087858088,0x000000008f180000)
 Metaspace       used 60210K, capacity 63284K, committed 63448K, reserved 1103872K
  class space    used 8115K, capacity 8668K, committed 8704K, reserved 1048576K
GC Heap History (10 events):
Event: 7.113 GC heap before
{Heap before GC invocations=12 (full 2):
 PSYoungGen      total 231936K, used 220160K [0x00000000d5f80000, 0x00000000e9e80000, 0x0000000100000000)
  eden space 220160K, 100% used [0x00000000d5f80000,0x00000000e3680000,0x00000000e3680000)
  from space 11776K, 0% used [0x00000000e3680000,0x00000000e3680000,0x00000000e4200000)
  to   space 13312K, 0% used [0x00000000e9180000,0x00000000e9180000,0x00000000e9e80000)
 ParOldGen       total 79872K, used 17684K [0x0000000081e00000, 0x0000000086c00000, 0x00000000d5f80000)
  object space 79872K, 22% used [0x0000000081e00000,0x0000000082f45320,0x0000000086c00000)
 Metaspace       used 46035K, capacity 48404K, committed 48472K, reserved 1091584K
  class space    used 6555K, capacity 7013K, committed 7040K, reserved 1048576K
Event: 7.124 GC heap after
Heap after GC invocations=12 (full 2):
 PSYoungGen      total 303616K, used 13309K [0x00000000d5f80000, 0x00000000e9e80000, 0x0000000100000000)
  eden space 290304K, 0% used [0x00000000d5f80000,0x00000000d5f80000,0x00000000e7b00000)
  from space 13312K, 99% used [0x00000000e9180000,0x00000000e9e7f460,0x00000000e9e80000)
  to   space 15360K, 0% used [0x00000000e8080000,0x00000000e8080000,0x00000000e8f80000)
 ParOldGen       total 79872K, used 18646K [0x0000000081e00000, 0x0000000086c00000, 0x00000000d5f80000)
  object space 79872K, 23% used [0x0000000081e00000,0x0000000083035a50,0x0000000086c00000)
 Metaspace       used 46035K, capacity 48404K, committed 48472K, reserved 1091584K
  class space    used 6555K, capacity 7013K, committed 7040K, reserved 1048576K
}
Event: 87.631 GC heap before
{Heap before GC invocations=13 (full 2):
 PSYoungGen      total 303616K, used 211693K [0x00000000d5f80000, 0x00000000e9e80000, 0x0000000100000000)
  eden space 290304K, 68% used [0x00000000d5f80000,0x00000000e213c170,0x00000000e7b00000)
  from space 13312K, 99% used [0x00000000e9180000,0x00000000e9e7f460,0x00000000e9e80000)
  to   space 15360K, 0% used [0x00000000e8080000,0x00000000e8080000,0x00000000e8f80000)
 ParOldGen       total 79872K, used 18646K [0x0000000081e00000, 0x0000000086c00000, 0x00000000d5f80000)
  object space 79872K, 23% used [0x0000000081e00000,0x0000000083035a50,0x0000000086c00000)
 Metaspace       used 55994K, capacity 58938K, committed 59028K, reserved 1099776K
  class space    used 7656K, capacity 8191K, committed 8192K, reserved 1048576K
Event: 87.644 GC heap after
Heap after GC invocations=13 (full 2):
 PSYoungGen      total 311296K, used 13049K [0x00000000d5f80000, 0x00000000ee980000, 0x0000000100000000)
  eden space 295936K, 0% used [0x00000000d5f80000,0x00000000d5f80000,0x00000000e8080000)
  from space 15360K, 84% used [0x00000000e8080000,0x00000000e8d3e7a0,0x00000000e8f80000)
  to   space 16384K, 0% used [0x00000000ed980000,0x00000000ed980000,0x00000000ee980000)
 ParOldGen       total 79872K, used 22533K [0x0000000081e00000, 0x0000000086c00000, 0x00000000d5f80000)
  object space 79872K, 28% used [0x0000000081e00000,0x0000000083401410,0x0000000086c00000)
 Metaspace       used 55994K, capacity 58938K, committed 59028K, reserved 1099776K
  class space    used 7656K, capacity 8191K, committed 8192K, reserved 1048576K
}
Event: 87.644 GC heap before
{Heap before GC invocations=14 (full 3):
 PSYoungGen      total 311296K, used 13049K [0x00000000d5f80000, 0x00000000ee980000, 0x0000000100000000)
  eden space 295936K, 0% used [0x00000000d5f80000,0x00000000d5f80000,0x00000000e8080000)
  from space 15360K, 84% used [0x00000000e8080000,0x00000000e8d3e7a0,0x00000000e8f80000)
  to   space 16384K, 0% used [0x00000000ed980000,0x00000000ed980000,0x00000000ee980000)
 ParOldGen       total 79872K, used 22533K [0x0000000081e00000, 0x0000000086c00000, 0x00000000d5f80000)
  object space 79872K, 28% used [0x0000000081e00000,0x0000000083401410,0x0000000086c00000)
 Metaspace       used 55994K, capacity 58938K, committed 59028K, reserved 1099776K
  class space    used 7656K, capacity 8191K, committed 8192K, reserved 1048576K
Event: 87.746 GC heap after
Heap after GC invocations=14 (full 3):
 PSYoungGen      total 311296K, used 0K [0x00000000d5f80000, 0x00000000ee980000, 0x0000000100000000)
  eden space 295936K, 0% used [0x00000000d5f80000,0x00000000d5f80000,0x00000000e8080000)
  from space 15360K, 0% used [0x00000000e8080000,0x00000000e8080000,0x00000000e8f80000)
  to   space 16384K, 0% used [0x00000000ed980000,0x00000000ed980000,0x00000000ee980000)
 ParOldGen       total 107520K, used 27888K [0x0000000081e00000, 0x0000000088700000, 0x00000000d5f80000)
  object space 107520K, 25% used [0x0000000081e00000,0x000000008393c0f0,0x0000000088700000)
 Metaspace       used 55986K, capacity 58926K, committed 59028K, reserved 1099776K
  class space    used 7655K, capacity 8189K, committed 8192K, reserved 1048576K
}
Event: 130.452 GC heap before
{Heap before GC invocations=15 (full 3):
 PSYoungGen      total 311296K, used 249981K [0x00000000d5f80000, 0x00000000ee980000, 0x0000000100000000)
  eden space 295936K, 84% used [0x00000000d5f80000,0x00000000e539f5e8,0x00000000e8080000)
  from space 15360K, 0% used [0x00000000e8080000,0x00000000e8080000,0x00000000e8f80000)
  to   space 16384K, 0% used [0x00000000ed980000,0x00000000ed980000,0x00000000ee980000)
 ParOldGen       total 107520K, used 27888K [0x0000000081e00000, 0x0000000088700000, 0x00000000d5f80000)
  object space 107520K, 25% used [0x0000000081e00000,0x000000008393c0f0,0x0000000088700000)
 Metaspace       used 59807K, capacity 62968K, committed 63192K, reserved 1103872K
  class space    used 8083K, capacity 8642K, committed 8704K, reserved 1048576K
Event: 130.496 GC heap after
Heap after GC invocations=15 (full 3):
 PSYoungGen      total 387584K, used 8196K [0x00000000d5f80000, 0x00000000ef380000, 0x0000000100000000)
  eden space 371200K, 0% used [0x00000000d5f80000,0x00000000d5f80000,0x00000000eca00000)
  from space 16384K, 50% used [0x00000000ed980000,0x00000000ee181180,0x00000000ee980000)
  to   space 15872K, 0% used [0x00000000eca00000,0x00000000eca00000,0x00000000ed980000)
 ParOldGen       total 107520K, used 93432K [0x0000000081e00000, 0x0000000088700000, 0x00000000d5f80000)
  object space 107520K, 86% used [0x0000000081e00000,0x000000008793e100,0x0000000088700000)
 Metaspace       used 59807K, capacity 62968K, committed 63192K, reserved 1103872K
  class space    used 8083K, capacity 8642K, committed 8704K, reserved 1048576K
}
Event: 130.496 GC heap before
{Heap before GC invocations=16 (full 4):
 PSYoungGen      total 387584K, used 8196K [0x00000000d5f80000, 0x00000000ef380000, 0x0000000100000000)
  eden space 371200K, 0% used [0x00000000d5f80000,0x00000000d5f80000,0x00000000eca00000)
  from space 16384K, 50% used [0x00000000ed980000,0x00000000ee181180,0x00000000ee980000)
  to   space 15872K, 0% used [0x00000000eca00000,0x00000000eca00000,0x00000000ed980000)
 ParOldGen       total 107520K, used 93432K [0x0000000081e00000, 0x0000000088700000, 0x00000000d5f80000)
  object space 107520K, 86% used [0x0000000081e00000,0x000000008793e100,0x0000000088700000)
 Metaspace       used 59807K, capacity 62968K, committed 63192K, reserved 1103872K
  class space    used 8083K, capacity 8642K, committed 8704K, reserved 1048576K
Event: 130.572 GC heap after
Heap after GC invocations=16 (full 4):
 PSYoungGen      total 387584K, used 0K [0x00000000d5f80000, 0x00000000ef380000, 0x0000000100000000)
  eden space 371200K, 0% used [0x00000000d5f80000,0x00000000d5f80000,0x00000000eca00000)
  from space 16384K, 0% used [0x00000000ed980000,0x00000000ed980000,0x00000000ee980000)
  to   space 15872K, 0% used [0x00000000eca00000,0x00000000eca00000,0x00000000ed980000)
 ParOldGen       total 216576K, used 92512K [0x0000000081e00000, 0x000000008f180000, 0x00000000d5f80000)
  object space 216576K, 42% used [0x0000000081e00000,0x0000000087858088,0x000000008f180000)
 Metaspace       used 59794K, capacity 62932K, committed 63192K, reserved 1103872K
  class space    used 8079K, capacity 8636K, committed 8704K, reserved 1048576K
}

