# JRE version: Java(TM) SE Runtime Environment (8.0_251-b08) (build 1.8.0_251-b08)
# Java VM: Java HotSpot(TM) 64-Bit Server VM (25.251-b08 mixed mode windows-amd64 compressed oops)
Heap:
 PSYoungGen      total 250368K, used 132267K [0x00000000d5f80000, 0x00000000ea280000, 0x0000000100000000)
  eden space 232960K, 54% used [0x00000000d5f80000,0x00000000ddc2c268,0x00000000e4300000)
  from space 17408K, 26% used [0x00000000e4300000,0x00000000e477ebf8,0x00000000e5400000)
  to   space 17408K, 0% used [0x00000000e9180000,0x00000000e9180000,0x00000000ea280000)
 ParOldGen       total 244224K, used 153670K [0x0000000081e00000, 0x0000000090c80000, 0x00000000d5f80000)
  object space 244224K, 62% used [0x0000000081e00000,0x000000008b411bc0,0x0000000090c80000)
 Metaspace       used 58026K, capacity 60794K, committed 61056K, reserved 1101824K
  class space    used 7799K, capacity 8278K, committed 8320K, reserved 1048576K
GC Heap History (10 events):
Event: 2.195 GC heap before
{Heap before GC invocations=10 (full 2):
 PSYoungGen      total 193536K, used 9844K [0x00000000d5f80000, 0x00000000e4980000, 0x0000000100000000)
  eden space 182784K, 0% used [0x00000000d5f80000,0x00000000d5f80000,0x00000000e1200000)
  from space 10752K, 91% used [0x00000000e1d00000,0x00000000e269d228,0x00000000e2780000)
  to   space 11264K, 0% used [0x00000000e1200000,0x00000000e1200000,0x00000000e1d00000)
 ParOldGen       total 54784K, used 10059K [0x0000000081e00000, 0x0000000085380000, 0x00000000d5f80000)
  object space 54784K, 18% used [0x0000000081e00000,0x00000000827d2d58,0x0000000085380000)
 Metaspace       used 33437K, capacity 35368K, committed 35416K, reserved 1079296K
  class space    used 4690K, capacity 5093K, committed 5120K, reserved 1048576K
Event: 2.242 GC heap after
Heap after GC invocations=10 (full 2):
 PSYoungGen      total 193536K, used 0K [0x00000000d5f80000, 0x00000000e4980000, 0x0000000100000000)
  eden space 182784K, 0% used [0x00000000d5f80000,0x00000000d5f80000,0x00000000e1200000)
  from space 10752K, 0% used [0x00000000e1d00000,0x00000000e1d00000,0x00000000e2780000)
  to   space 11264K, 0% used [0x00000000e1200000,0x00000000e1200000,0x00000000e1d00000)
 ParOldGen       total 82432K, used 15190K [0x0000000081e00000, 0x0000000086e80000, 0x00000000d5f80000)
  object space 82432K, 18% used [0x0000000081e00000,0x0000000082cd5b90,0x0000000086e80000)
 Metaspace       used 33437K, capacity 35368K, committed 35416K, reserved 1079296K
  class space    used 4690K, capacity 5093K, committed 5120K, reserved 1048576K
}
Event: 13.156 GC heap before
{Heap before GC invocations=11 (full 2):
 PSYoungGen      total 193536K, used 182784K [0x00000000d5f80000, 0x00000000e4980000, 0x0000000100000000)
  eden space 182784K, 100% used [0x00000000d5f80000,0x00000000e1200000,0x00000000e1200000)
  from space 10752K, 0% used [0x00000000e1d00000,0x00000000e1d00000,0x00000000e2780000)
  to   space 11264K, 0% used [0x00000000e1200000,0x00000000e1200000,0x00000000e1d00000)
 ParOldGen       total 82432K, used 15190K [0x0000000081e00000, 0x0000000086e80000, 0x00000000d5f80000)
  object space 82432K, 18% used [0x0000000081e00000,0x0000000082cd5b90,0x0000000086e80000)
 Metaspace       used 53036K, capacity 55608K, committed 55680K, reserved 1097728K
  class space    used 7296K, capacity 7763K, committed 7808K, reserved 1048576K
Event: 13.174 GC heap after
Heap after GC invocations=11 (full 2):
 PSYoungGen      total 194048K, used 11251K [0x00000000d5f80000, 0x00000000e6500000, 0x0000000100000000)
  eden space 182784K, 0% used [0x00000000d5f80000,0x00000000d5f80000,0x00000000e1200000)
  from space 11264K, 99% used [0x00000000e1200000,0x00000000e1cfcfe0,0x00000000e1d00000)
  to   space 17408K, 0% used [0x00000000e5400000,0x00000000e5400000,0x00000000e6500000)
 ParOldGen       total 82432K, used 27150K [0x0000000081e00000, 0x0000000086e80000, 0x00000000d5f80000)
  object space 82432K, 32% used [0x0000000081e00000,0x0000000083883938,0x0000000086e80000)
 Metaspace       used 53036K, capacity 55608K, committed 55680K, reserved 1097728K
  class space    used 7296K, capacity 7763K, committed 7808K, reserved 1048576K
}
Event: 13.537 GC heap before
{Heap before GC invocations=12 (full 2):
 PSYoungGen      total 194048K, used 60760K [0x00000000d5f80000, 0x00000000e6500000, 0x0000000100000000)
  eden space 182784K, 27% used [0x00000000d5f80000,0x00000000d8fd9088,0x00000000e1200000)
  from space 11264K, 99% used [0x00000000e1200000,0x00000000e1cfcfe0,0x00000000e1d00000)
  to   space 17408K, 0% used [0x00000000e5400000,0x00000000e5400000,0x00000000e6500000)
 ParOldGen       total 82432K, used 27150K [0x0000000081e00000, 0x0000000086e80000, 0x00000000d5f80000)
  object space 82432K, 32% used [0x0000000081e00000,0x0000000083883938,0x0000000086e80000)
 Metaspace       used 56318K, capacity 58980K, committed 59008K, reserved 1099776K
  class space    used 7582K, capacity 8054K, committed 8064K, reserved 1048576K
Event: 13.547 GC heap after
Heap after GC invocations=12 (full 2):
 PSYoungGen      total 250368K, used 12171K [0x00000000d5f80000, 0x00000000e6500000, 0x0000000100000000)
  eden space 232960K, 0% used [0x00000000d5f80000,0x00000000d5f80000,0x00000000e4300000)
  from space 17408K, 69% used [0x00000000e5400000,0x00000000e5fe2cd8,0x00000000e6500000)
  to   space 17408K, 0% used [0x00000000e4300000,0x00000000e4300000,0x00000000e5400000)
 ParOldGen       total 82432K, used 27158K [0x0000000081e00000, 0x0000000086e80000, 0x00000000d5f80000)
  object space 82432K, 32% used [0x0000000081e00000,0x0000000083885938,0x0000000086e80000)
 Metaspace       used 56318K, capacity 58980K, committed 59008K, reserved 1099776K
  class space    used 7582K, capacity 8054K, committed 8064K, reserved 1048576K
}
Event: 13.547 GC heap before
{Heap before GC invocations=13 (full 3):
 PSYoungGen      total 250368K, used 12171K [0x00000000d5f80000, 0x00000000e6500000, 0x0000000100000000)
  eden space 232960K, 0% used [0x00000000d5f80000,0x00000000d5f80000,0x00000000e4300000)
  from space 17408K, 69% used [0x00000000e5400000,0x00000000e5fe2cd8,0x00000000e6500000)
  to   space 17408K, 0% used [0x00000000e4300000,0x00000000e4300000,0x00000000e5400000)
 ParOldGen       total 82432K, used 27158K [0x0000000081e00000, 0x0000000086e80000, 0x00000000d5f80000)
  object space 82432K, 32% used [0x0000000081e00000,0x0000000083885938,0x0000000086e80000)
 Metaspace       used 56318K, capacity 58980K, committed 59008K, reserved 1099776K
  class space    used 7582K, capacity 8054K, committed 8064K, reserved 1048576K
Event: 13.660 GC heap after
Heap after GC invocations=13 (full 3):
 PSYoungGen      total 250368K, used 0K [0x00000000d5f80000, 0x00000000e6500000, 0x0000000100000000)
  eden space 232960K, 0% used [0x00000000d5f80000,0x00000000d5f80000,0x00000000e4300000)
  from space 17408K, 0% used [0x00000000e5400000,0x00000000e5400000,0x00000000e6500000)
  to   space 17408K, 0% used [0x00000000e4300000,0x00000000e4300000,0x00000000e5400000)
 ParOldGen       total 112640K, used 22590K [0x0000000081e00000, 0x0000000088c00000, 0x00000000d5f80000)
  object space 112640K, 20% used [0x0000000081e00000,0x000000008340fbb0,0x0000000088c00000)
 Metaspace       used 56318K, capacity 58980K, committed 59008K, reserved 1099776K
  class space    used 7582K, capacity 8054K, committed 8064K, reserved 1048576K
}
Event: 40.220 GC heap before
{Heap before GC invocations=14 (full 3):
 PSYoungGen      total 250368K, used 170370K [0x00000000d5f80000, 0x00000000e6500000, 0x0000000100000000)
  eden space 232960K, 73% used [0x00000000d5f80000,0x00000000e05e09d0,0x00000000e4300000)
  from space 17408K, 0% used [0x00000000e5400000,0x00000000e5400000,0x00000000e6500000)
  to   space 17408K, 0% used [0x00000000e4300000,0x00000000e4300000,0x00000000e5400000)
 ParOldGen       total 244224K, used 153662K [0x0000000081e00000, 0x0000000090c80000, 0x00000000d5f80000)
  object space 244224K, 62% used [0x0000000081e00000,0x000000008b40fbc0,0x0000000090c80000)
 Metaspace       used 57600K, capacity 60404K, committed 60544K, reserved 1101824K
  class space    used 7763K, capacity 8277K, committed 8320K, reserved 1048576K
Event: 40.225 GC heap after
Heap after GC invocations=14 (full 3):
 PSYoungGen      total 250368K, used 4602K [0x00000000d5f80000, 0x00000000ea280000, 0x0000000100000000)
  eden space 232960K, 0% used [0x00000000d5f80000,0x00000000d5f80000,0x00000000e4300000)
  from space 17408K, 26% used [0x00000000e4300000,0x00000000e477ebf8,0x00000000e5400000)
  to   space 17408K, 0% used [0x00000000e9180000,0x00000000e9180000,0x00000000ea280000)
 ParOldGen       total 244224K, used 153670K [0x0000000081e00000, 0x0000000090c80000, 0x00000000d5f80000)
  object space 244224K, 62% used [0x0000000081e00000,0x000000008b411bc0,0x0000000090c80000)
 Metaspace       used 57600K, capacity 60404K, committed 60544K, reserved 1101824K
  class space    used 7763K, capacity 8277K, committed 8320K, reserved 1048576K
}

