# JRE version: Java(TM) SE Runtime Environment (8.0_251-b08) (build 1.8.0_251-b08)
# Java VM: Java HotSpot(TM) 64-Bit Server VM (25.251-b08 mixed mode windows-amd64 compressed oops)
Heap:
 PSYoungGen      total 395264K, used 263235K [0x00000000d5f80000, 0x00000000f5880000, 0x0000000100000000)
  eden space 379904K, 69% used [0x00000000d5f80000,0x00000000e6090d08,0x00000000ed280000)
  from space 15360K, 0% used [0x00000000ed280000,0x00000000ed280000,0x00000000ee180000)
  to   space 15872K, 0% used [0x00000000f4900000,0x00000000f4900000,0x00000000f5880000)
 ParOldGen       total 301568K, used 85639K [0x0000000081e00000, 0x0000000094480000, 0x00000000d5f80000)
  object space 301568K, 28% used [0x0000000081e00000,0x00000000871a1e38,0x0000000094480000)
 Metaspace       used 59736K, capacity 62508K, committed 62720K, reserved 1103872K
  class space    used 7901K, capacity 8397K, committed 8448K, reserved 1048576K
GC Heap History (10 events):
Event: 11.740 GC heap before
{Heap before GC invocations=14 (full 3):
 PSYoungGen      total 322048K, used 12384K [0x00000000d5f80000, 0x00000000ef080000, 0x0000000100000000)
  eden space 307712K, 0% used [0x00000000d5f80000,0x00000000d5f80000,0x00000000e8c00000)
  from space 14336K, 86% used [0x00000000e8c00000,0x00000000e9818338,0x00000000e9a00000)
  to   space 15360K, 0% used [0x00000000ee180000,0x00000000ee180000,0x00000000ef080000)
 ParOldGen       total 76288K, used 22406K [0x0000000081e00000, 0x0000000086880000, 0x00000000d5f80000)
  object space 76288K, 29% used [0x0000000081e00000,0x00000000833e1a78,0x0000000086880000)
 Metaspace       used 56377K, capacity 58986K, committed 59096K, reserved 1099776K
  class space    used 7535K, capacity 8020K, committed 8064K, reserved 1048576K
Event: 11.854 GC heap after
Heap after GC invocations=14 (full 3):
 PSYoungGen      total 322048K, used 0K [0x00000000d5f80000, 0x00000000ef080000, 0x0000000100000000)
  eden space 307712K, 0% used [0x00000000d5f80000,0x00000000d5f80000,0x00000000e8c00000)
  from space 14336K, 0% used [0x00000000e8c00000,0x00000000e8c00000,0x00000000e9a00000)
  to   space 15360K, 0% used [0x00000000ee180000,0x00000000ee180000,0x00000000ef080000)
 ParOldGen       total 108544K, used 26963K [0x0000000081e00000, 0x0000000088800000, 0x00000000d5f80000)
  object space 108544K, 24% used [0x0000000081e00000,0x0000000083854db8,0x0000000088800000)
 Metaspace       used 56377K, capacity 58986K, committed 59096K, reserved 1099776K
  class space    used 7535K, capacity 8020K, committed 8064K, reserved 1048576K
}
Event: 76.639 GC heap before
{Heap before GC invocations=15 (full 3):
 PSYoungGen      total 322048K, used 225934K [0x00000000d5f80000, 0x00000000ef080000, 0x0000000100000000)
  eden space 307712K, 73% used [0x00000000d5f80000,0x00000000e3c23a68,0x00000000e8c00000)
  from space 14336K, 0% used [0x00000000e8c00000,0x00000000e8c00000,0x00000000e9a00000)
  to   space 15360K, 0% used [0x00000000ee180000,0x00000000ee180000,0x00000000ef080000)
 ParOldGen       total 108544K, used 26963K [0x0000000081e00000, 0x0000000088800000, 0x00000000d5f80000)
  object space 108544K, 24% used [0x0000000081e00000,0x0000000083854db8,0x0000000088800000)
 Metaspace       used 59339K, capacity 62156K, committed 62464K, reserved 1103872K
  class space    used 7867K, capacity 8365K, committed 8448K, reserved 1048576K
Event: 76.678 GC heap after
Heap after GC invocations=15 (full 3):
 PSYoungGen      total 395264K, used 4418K [0x00000000d5f80000, 0x00000000ef900000, 0x0000000100000000)
  eden space 379904K, 0% used [0x00000000d5f80000,0x00000000d5f80000,0x00000000ed280000)
  from space 15360K, 28% used [0x00000000ee180000,0x00000000ee5d0828,0x00000000ef080000)
  to   space 15360K, 0% used [0x00000000ed280000,0x00000000ed280000,0x00000000ee180000)
 ParOldGen       total 108544K, used 92507K [0x0000000081e00000, 0x0000000088800000, 0x00000000d5f80000)
  object space 108544K, 85% used [0x0000000081e00000,0x0000000087856dc8,0x0000000088800000)
 Metaspace       used 59339K, capacity 62156K, committed 62464K, reserved 1103872K
  class space    used 7867K, capacity 8365K, committed 8448K, reserved 1048576K
}
Event: 76.678 GC heap before
{Heap before GC invocations=16 (full 4):
 PSYoungGen      total 395264K, used 4418K [0x00000000d5f80000, 0x00000000ef900000, 0x0000000100000000)
  eden space 379904K, 0% used [0x00000000d5f80000,0x00000000d5f80000,0x00000000ed280000)
  from space 15360K, 28% used [0x00000000ee180000,0x00000000ee5d0828,0x00000000ef080000)
  to   space 15360K, 0% used [0x00000000ed280000,0x00000000ed280000,0x00000000ee180000)
 ParOldGen       total 108544K, used 92507K [0x0000000081e00000, 0x0000000088800000, 0x00000000d5f80000)
  object space 108544K, 85% used [0x0000000081e00000,0x0000000087856dc8,0x0000000088800000)
 Metaspace       used 59339K, capacity 62156K, committed 62464K, reserved 1103872K
  class space    used 7867K, capacity 8365K, committed 8448K, reserved 1048576K
Event: 76.738 GC heap after
Heap after GC invocations=16 (full 4):
 PSYoungGen      total 395264K, used 0K [0x00000000d5f80000, 0x00000000ef900000, 0x0000000100000000)
  eden space 379904K, 0% used [0x00000000d5f80000,0x00000000d5f80000,0x00000000ed280000)
  from space 15360K, 0% used [0x00000000ee180000,0x00000000ee180000,0x00000000ef080000)
  to   space 15360K, 0% used [0x00000000ed280000,0x00000000ed280000,0x00000000ee180000)
 ParOldGen       total 216576K, used 87939K [0x0000000081e00000, 0x000000008f180000, 0x00000000d5f80000)
  object space 216576K, 40% used [0x0000000081e00000,0x00000000873e0dc8,0x000000008f180000)
 Metaspace       used 59339K, capacity 62156K, committed 62464K, reserved 1103872K
  class space    used 7867K, capacity 8365K, committed 8448K, reserved 1048576K
}
Event: 133.421 GC heap before
{Heap before GC invocations=17 (full 4):
 PSYoungGen      total 395264K, used 356135K [0x00000000d5f80000, 0x00000000ef900000, 0x0000000100000000)
  eden space 379904K, 93% used [0x00000000d5f80000,0x00000000ebb49dc8,0x00000000ed280000)
  from space 15360K, 0% used [0x00000000ee180000,0x00000000ee180000,0x00000000ef080000)
  to   space 15360K, 0% used [0x00000000ed280000,0x00000000ed280000,0x00000000ee180000)
 ParOldGen       total 216576K, used 87939K [0x0000000081e00000, 0x000000008f180000, 0x00000000d5f80000)
  object space 216576K, 40% used [0x0000000081e00000,0x00000000873e0dc8,0x000000008f180000)
 Metaspace       used 59390K, capacity 62156K, committed 62464K, reserved 1103872K
  class space    used 7874K, capacity 8365K, committed 8448K, reserved 1048576K
Event: 133.724 GC heap after
Heap after GC invocations=17 (full 4):
 PSYoungGen      total 395264K, used 208K [0x00000000d5f80000, 0x00000000f5880000, 0x0000000100000000)
  eden space 379904K, 0% used [0x00000000d5f80000,0x00000000d5f80000,0x00000000ed280000)
  from space 15360K, 1% used [0x00000000ed280000,0x00000000ed2b4010,0x00000000ee180000)
  to   space 15872K, 0% used [0x00000000f4900000,0x00000000f4900000,0x00000000f5880000)
 ParOldGen       total 348160K, used 284555K [0x0000000081e00000, 0x0000000097200000, 0x00000000d5f80000)
  object space 348160K, 81% used [0x0000000081e00000,0x00000000933e2de8,0x0000000097200000)
 Metaspace       used 59390K, capacity 62156K, committed 62464K, reserved 1103872K
  class space    used 7874K, capacity 8365K, committed 8448K, reserved 1048576K
}
Event: 133.724 GC heap before
{Heap before GC invocations=18 (full 5):
 PSYoungGen      total 395264K, used 208K [0x00000000d5f80000, 0x00000000f5880000, 0x0000000100000000)
  eden space 379904K, 0% used [0x00000000d5f80000,0x00000000d5f80000,0x00000000ed280000)
  from space 15360K, 1% used [0x00000000ed280000,0x00000000ed2b4010,0x00000000ee180000)
  to   space 15872K, 0% used [0x00000000f4900000,0x00000000f4900000,0x00000000f5880000)
 ParOldGen       total 348160K, used 284555K [0x0000000081e00000, 0x0000000097200000, 0x00000000d5f80000)
  object space 348160K, 81% used [0x0000000081e00000,0x00000000933e2de8,0x0000000097200000)
 Metaspace       used 59390K, capacity 62156K, committed 62464K, reserved 1103872K
  class space    used 7874K, capacity 8365K, committed 8448K, reserved 1048576K
Event: 133.801 GC heap after
Heap after GC invocations=18 (full 5):
 PSYoungGen      total 395264K, used 0K [0x00000000d5f80000, 0x00000000f5880000, 0x0000000100000000)
  eden space 379904K, 0% used [0x00000000d5f80000,0x00000000d5f80000,0x00000000ed280000)
  from space 15360K, 0% used [0x00000000ed280000,0x00000000ed280000,0x00000000ee180000)
  to   space 15872K, 0% used [0x00000000f4900000,0x00000000f4900000,0x00000000f5880000)
 ParOldGen       total 301568K, used 85639K [0x0000000081e00000, 0x0000000094480000, 0x00000000d5f80000)
  object space 301568K, 28% used [0x0000000081e00000,0x00000000871a1e38,0x0000000094480000)
 Metaspace       used 59390K, capacity 62156K, committed 62464K, reserved 1103872K
  class space    used 7874K, capacity 8365K, committed 8448K, reserved 1048576K
}

