# JRE version: Java(TM) SE Runtime Environment (8.0_251-b08) (build 1.8.0_251-b08)
# Java VM: Java HotSpot(TM) 64-Bit Server VM (25.251-b08 mixed mode windows-amd64 compressed oops)
Heap:
 PSYoungGen      total 460288K, used 264463K [0x00000000d5f80000, 0x00000000f3600000, 0x0000000100000000)
  eden space 443904K, 59% used [0x00000000d5f80000,0x00000000e61c3ec8,0x00000000f1100000)
  from space 16384K, 0% used [0x00000000f2100000,0x00000000f2100000,0x00000000f3100000)
  to   space 16384K, 0% used [0x00000000f1100000,0x00000000f1100000,0x00000000f2100000)
 ParOldGen       total 205312K, used 93710K [0x0000000081e00000, 0x000000008e680000, 0x00000000d5f80000)
  object space 205312K, 45% used [0x0000000081e00000,0x0000000087983858,0x000000008e680000)
 Metaspace       used 61003K, capacity 64144K, committed 64384K, reserved 1105920K
  class space    used 8183K, capacity 8738K, committed 8832K, reserved 1048576K
GC Heap History (10 events):
Event: 4.859 GC heap before
{Heap before GC invocations=12 (full 2):
 PSYoungGen      total 274432K, used 264192K [0x00000000d5f80000, 0x00000000ec580000, 0x0000000100000000)
  eden space 264192K, 100% used [0x00000000d5f80000,0x00000000e6180000,0x00000000e6180000)
  from space 10240K, 0% used [0x00000000e6180000,0x00000000e6180000,0x00000000e6b80000)
  to   space 13312K, 0% used [0x00000000eb880000,0x00000000eb880000,0x00000000ec580000)
 ParOldGen       total 78848K, used 20559K [0x0000000081e00000, 0x0000000086b00000, 0x00000000d5f80000)
  object space 78848K, 26% used [0x0000000081e00000,0x0000000083213c58,0x0000000086b00000)
 Metaspace       used 48195K, capacity 50962K, committed 51200K, reserved 1093632K
  class space    used 6885K, capacity 7400K, committed 7424K, reserved 1048576K
Event: 4.874 GC heap after
Heap after GC invocations=12 (full 2):
 PSYoungGen      total 349696K, used 13306K [0x00000000d5f80000, 0x00000000ee000000, 0x0000000100000000)
  eden space 336384K, 0% used [0x00000000d5f80000,0x00000000d5f80000,0x00000000ea800000)
  from space 13312K, 99% used [0x00000000eb880000,0x00000000ec57e860,0x00000000ec580000)
  to   space 16896K, 0% used [0x00000000ea800000,0x00000000ea800000,0x00000000eb880000)
 ParOldGen       total 78848K, used 25988K [0x0000000081e00000, 0x0000000086b00000, 0x00000000d5f80000)
  object space 78848K, 32% used [0x0000000081e00000,0x0000000083761360,0x0000000086b00000)
 Metaspace       used 48195K, capacity 50962K, committed 51200K, reserved 1093632K
  class space    used 6885K, capacity 7400K, committed 7424K, reserved 1048576K
}
Event: 78.181 GC heap before
{Heap before GC invocations=13 (full 2):
 PSYoungGen      total 349696K, used 164799K [0x00000000d5f80000, 0x00000000ee000000, 0x0000000100000000)
  eden space 336384K, 45% used [0x00000000d5f80000,0x00000000df3715a0,0x00000000ea800000)
  from space 13312K, 99% used [0x00000000eb880000,0x00000000ec57e860,0x00000000ec580000)
  to   space 16896K, 0% used [0x00000000ea800000,0x00000000ea800000,0x00000000eb880000)
 ParOldGen       total 78848K, used 25988K [0x0000000081e00000, 0x0000000086b00000, 0x00000000d5f80000)
  object space 78848K, 32% used [0x0000000081e00000,0x0000000083761360,0x0000000086b00000)
 Metaspace       used 55982K, capacity 58988K, committed 59028K, reserved 1099776K
  class space    used 7639K, capacity 8188K, committed 8192K, reserved 1048576K
Event: 78.196 GC heap after
Heap after GC invocations=13 (full 2):
 PSYoungGen      total 353280K, used 9280K [0x00000000d5f80000, 0x00000000f3100000, 0x0000000100000000)
  eden space 336384K, 0% used [0x00000000d5f80000,0x00000000d5f80000,0x00000000ea800000)
  from space 16896K, 54% used [0x00000000ea800000,0x00000000eb110048,0x00000000eb880000)
  to   space 16384K, 0% used [0x00000000f2100000,0x00000000f2100000,0x00000000f3100000)
 ParOldGen       total 78848K, used 31979K [0x0000000081e00000, 0x0000000086b00000, 0x00000000d5f80000)
  object space 78848K, 40% used [0x0000000081e00000,0x0000000083d3ad60,0x0000000086b00000)
 Metaspace       used 55982K, capacity 58988K, committed 59028K, reserved 1099776K
  class space    used 7639K, capacity 8188K, committed 8192K, reserved 1048576K
}
Event: 78.196 GC heap before
{Heap before GC invocations=14 (full 3):
 PSYoungGen      total 353280K, used 9280K [0x00000000d5f80000, 0x00000000f3100000, 0x0000000100000000)
  eden space 336384K, 0% used [0x00000000d5f80000,0x00000000d5f80000,0x00000000ea800000)
  from space 16896K, 54% used [0x00000000ea800000,0x00000000eb110048,0x00000000eb880000)
  to   space 16384K, 0% used [0x00000000f2100000,0x00000000f2100000,0x00000000f3100000)
 ParOldGen       total 78848K, used 31979K [0x0000000081e00000, 0x0000000086b00000, 0x00000000d5f80000)
  object space 78848K, 40% used [0x0000000081e00000,0x0000000083d3ad60,0x0000000086b00000)
 Metaspace       used 55982K, capacity 58988K, committed 59028K, reserved 1099776K
  class space    used 7639K, capacity 8188K, committed 8192K, reserved 1048576K
Event: 78.298 GC heap after
Heap after GC invocations=14 (full 3):
 PSYoungGen      total 353280K, used 0K [0x00000000d5f80000, 0x00000000f3100000, 0x0000000100000000)
  eden space 336384K, 0% used [0x00000000d5f80000,0x00000000d5f80000,0x00000000ea800000)
  from space 16896K, 0% used [0x00000000ea800000,0x00000000ea800000,0x00000000eb880000)
  to   space 16384K, 0% used [0x00000000f2100000,0x00000000f2100000,0x00000000f3100000)
 ParOldGen       total 99840K, used 26561K [0x0000000081e00000, 0x0000000087f80000, 0x00000000d5f80000)
  object space 99840K, 26% used [0x0000000081e00000,0x00000000837f0430,0x0000000087f80000)
 Metaspace       used 55975K, capacity 58976K, committed 59028K, reserved 1099776K
  class space    used 7638K, capacity 8186K, committed 8192K, reserved 1048576K
}
Event: 120.809 GC heap before
{Heap before GC invocations=15 (full 3):
 PSYoungGen      total 353280K, used 288384K [0x00000000d5f80000, 0x00000000f3100000, 0x0000000100000000)
  eden space 336384K, 85% used [0x00000000d5f80000,0x00000000e7920150,0x00000000ea800000)
  from space 16896K, 0% used [0x00000000ea800000,0x00000000ea800000,0x00000000eb880000)
  to   space 16384K, 0% used [0x00000000f2100000,0x00000000f2100000,0x00000000f3100000)
 ParOldGen       total 99840K, used 26561K [0x0000000081e00000, 0x0000000087f80000, 0x00000000d5f80000)
  object space 99840K, 26% used [0x0000000081e00000,0x00000000837f0430,0x0000000087f80000)
 Metaspace       used 60596K, capacity 63808K, committed 64128K, reserved 1103872K
  class space    used 8150K, capacity 8710K, committed 8832K, reserved 1048576K
Event: 120.847 GC heap after
Heap after GC invocations=15 (full 3):
 PSYoungGen      total 460288K, used 10210K [0x00000000d5f80000, 0x00000000f3600000, 0x0000000100000000)
  eden space 443904K, 0% used [0x00000000d5f80000,0x00000000d5f80000,0x00000000f1100000)
  from space 16384K, 62% used [0x00000000f2100000,0x00000000f2af8a48,0x00000000f3100000)
  to   space 16384K, 0% used [0x00000000f1100000,0x00000000f1100000,0x00000000f2100000)
 ParOldGen       total 99840K, used 92105K [0x0000000081e00000, 0x0000000087f80000, 0x00000000d5f80000)
  object space 99840K, 92% used [0x0000000081e00000,0x00000000877f2440,0x0000000087f80000)
 Metaspace       used 60596K, capacity 63808K, committed 64128K, reserved 1103872K
  class space    used 8150K, capacity 8710K, committed 8832K, reserved 1048576K
}
Event: 120.847 GC heap before
{Heap before GC invocations=16 (full 4):
 PSYoungGen      total 460288K, used 10210K [0x00000000d5f80000, 0x00000000f3600000, 0x0000000100000000)
  eden space 443904K, 0% used [0x00000000d5f80000,0x00000000d5f80000,0x00000000f1100000)
  from space 16384K, 62% used [0x00000000f2100000,0x00000000f2af8a48,0x00000000f3100000)
  to   space 16384K, 0% used [0x00000000f1100000,0x00000000f1100000,0x00000000f2100000)
 ParOldGen       total 99840K, used 92105K [0x0000000081e00000, 0x0000000087f80000, 0x00000000d5f80000)
  object space 99840K, 92% used [0x0000000081e00000,0x00000000877f2440,0x0000000087f80000)
 Metaspace       used 60596K, capacity 63808K, committed 64128K, reserved 1103872K
  class space    used 8150K, capacity 8710K, committed 8832K, reserved 1048576K
Event: 120.906 GC heap after
Heap after GC invocations=16 (full 4):
 PSYoungGen      total 460288K, used 0K [0x00000000d5f80000, 0x00000000f3600000, 0x0000000100000000)
  eden space 443904K, 0% used [0x00000000d5f80000,0x00000000d5f80000,0x00000000f1100000)
  from space 16384K, 0% used [0x00000000f2100000,0x00000000f2100000,0x00000000f3100000)
  to   space 16384K, 0% used [0x00000000f1100000,0x00000000f1100000,0x00000000f2100000)
 ParOldGen       total 205312K, used 93710K [0x0000000081e00000, 0x000000008e680000, 0x00000000d5f80000)
  object space 205312K, 45% used [0x0000000081e00000,0x0000000087983858,0x000000008e680000)
 Metaspace       used 60590K, capacity 63792K, committed 64128K, reserved 1103872K
  class space    used 8147K, capacity 8706K, committed 8832K, reserved 1048576K
}

