# JRE version: Java(TM) SE Runtime Environment (8.0_251-b08) (build 1.8.0_251-b08)
# Java VM: Java HotSpot(TM) 64-Bit Server VM (25.251-b08 mixed mode windows-amd64 compressed oops)
Heap:
 PSYoungGen      total 416256K, used 262541K [0x00000000d5f80000, 0x00000000f2500000, 0x0000000100000000)
  eden space 398848K, 65% used [0x00000000d5f80000,0x00000000e5fe37b8,0x00000000ee500000)
  from space 17408K, 0% used [0x00000000ef500000,0x00000000ef500000,0x00000000f0600000)
  to   space 16384K, 0% used [0x00000000ee500000,0x00000000ee500000,0x00000000ef500000)
 ParOldGen       total 216576K, used 92921K [0x0000000081e00000, 0x000000008f180000, 0x00000000d5f80000)
  object space 216576K, 42% used [0x0000000081e00000,0x00000000878be530,0x000000008f180000)
 Metaspace       used 60217K, capacity 63334K, committed 63488K, reserved 1103872K
  class space    used 8104K, capacity 8636K, committed 8704K, reserved 1048576K
GC Heap History (10 events):
Event: 13.027 GC heap before
{Heap before GC invocations=12 (full 2):
 PSYoungGen      total 249344K, used 237568K [0x00000000d5f80000, 0x00000000ecd80000, 0x0000000100000000)
  eden space 237568K, 100% used [0x00000000d5f80000,0x00000000e4780000,0x00000000e4780000)
  from space 11776K, 0% used [0x00000000e4780000,0x00000000e4780000,0x00000000e5300000)
  to   space 13312K, 0% used [0x00000000ec080000,0x00000000ec080000,0x00000000ecd80000)
 ParOldGen       total 76800K, used 18149K [0x0000000081e00000, 0x0000000086900000, 0x00000000d5f80000)
  object space 76800K, 23% used [0x0000000081e00000,0x0000000082fb94e0,0x0000000086900000)
 Metaspace       used 46251K, capacity 48606K, committed 48896K, reserved 1091584K
  class space    used 6632K, capacity 7066K, committed 7168K, reserved 1048576K
Event: 13.056 GC heap after
Heap after GC invocations=12 (full 2):
 PSYoungGen      total 325632K, used 13296K [0x00000000d5f80000, 0x00000000ecd80000, 0x0000000100000000)
  eden space 312320K, 0% used [0x00000000d5f80000,0x00000000d5f80000,0x00000000e9080000)
  from space 13312K, 99% used [0x00000000ec080000,0x00000000ecd7c130,0x00000000ecd80000)
  to   space 15872K, 0% used [0x00000000eae80000,0x00000000eae80000,0x00000000ebe00000)
 ParOldGen       total 76800K, used 20586K [0x0000000081e00000, 0x0000000086900000, 0x00000000d5f80000)
  object space 76800K, 26% used [0x0000000081e00000,0x000000008321a920,0x0000000086900000)
 Metaspace       used 46251K, capacity 48606K, committed 48896K, reserved 1091584K
  class space    used 6632K, capacity 7066K, committed 7168K, reserved 1048576K
}
Event: 23.348 GC heap before
{Heap before GC invocations=13 (full 2):
 PSYoungGen      total 325632K, used 149430K [0x00000000d5f80000, 0x00000000ecd80000, 0x0000000100000000)
  eden space 312320K, 43% used [0x00000000d5f80000,0x00000000de471738,0x00000000e9080000)
  from space 13312K, 99% used [0x00000000ec080000,0x00000000ecd7c130,0x00000000ecd80000)
  to   space 15872K, 0% used [0x00000000eae80000,0x00000000eae80000,0x00000000ebe00000)
 ParOldGen       total 76800K, used 20586K [0x0000000081e00000, 0x0000000086900000, 0x00000000d5f80000)
  object space 76800K, 26% used [0x0000000081e00000,0x000000008321a920,0x0000000086900000)
 Metaspace       used 56074K, capacity 58940K, committed 59028K, reserved 1099776K
  class space    used 7632K, capacity 8149K, committed 8192K, reserved 1048576K
Event: 23.363 GC heap after
Heap after GC invocations=13 (full 2):
 PSYoungGen      total 358912K, used 13690K [0x00000000d5f80000, 0x00000000f0600000, 0x0000000100000000)
  eden space 343040K, 0% used [0x00000000d5f80000,0x00000000d5f80000,0x00000000eae80000)
  from space 15872K, 86% used [0x00000000eae80000,0x00000000ebbdeae0,0x00000000ebe00000)
  to   space 17408K, 0% used [0x00000000ef500000,0x00000000ef500000,0x00000000f0600000)
 ParOldGen       total 76800K, used 25531K [0x0000000081e00000, 0x0000000086900000, 0x00000000d5f80000)
  object space 76800K, 33% used [0x0000000081e00000,0x00000000836eeee0,0x0000000086900000)
 Metaspace       used 56074K, capacity 58940K, committed 59028K, reserved 1099776K
  class space    used 7632K, capacity 8149K, committed 8192K, reserved 1048576K
}
Event: 23.363 GC heap before
{Heap before GC invocations=14 (full 3):
 PSYoungGen      total 358912K, used 13690K [0x00000000d5f80000, 0x00000000f0600000, 0x0000000100000000)
  eden space 343040K, 0% used [0x00000000d5f80000,0x00000000d5f80000,0x00000000eae80000)
  from space 15872K, 86% used [0x00000000eae80000,0x00000000ebbdeae0,0x00000000ebe00000)
  to   space 17408K, 0% used [0x00000000ef500000,0x00000000ef500000,0x00000000f0600000)
 ParOldGen       total 76800K, used 25531K [0x0000000081e00000, 0x0000000086900000, 0x00000000d5f80000)
  object space 76800K, 33% used [0x0000000081e00000,0x00000000836eeee0,0x0000000086900000)
 Metaspace       used 56074K, capacity 58940K, committed 59028K, reserved 1099776K
  class space    used 7632K, capacity 8149K, committed 8192K, reserved 1048576K
Event: 23.515 GC heap after
Heap after GC invocations=14 (full 3):
 PSYoungGen      total 358912K, used 0K [0x00000000d5f80000, 0x00000000f0600000, 0x0000000100000000)
  eden space 343040K, 0% used [0x00000000d5f80000,0x00000000d5f80000,0x00000000eae80000)
  from space 15872K, 0% used [0x00000000eae80000,0x00000000eae80000,0x00000000ebe00000)
  to   space 17408K, 0% used [0x00000000ef500000,0x00000000ef500000,0x00000000f0600000)
 ParOldGen       total 107520K, used 29580K [0x0000000081e00000, 0x0000000088700000, 0x00000000d5f80000)
  object space 107520K, 27% used [0x0000000081e00000,0x0000000083ae31b0,0x0000000088700000)
 Metaspace       used 56066K, capacity 58928K, committed 59028K, reserved 1099776K
  class space    used 7630K, capacity 8147K, committed 8192K, reserved 1048576K
}
Event: 61.928 GC heap before
{Heap before GC invocations=15 (full 3):
 PSYoungGen      total 358912K, used 279871K [0x00000000d5f80000, 0x00000000f0600000, 0x0000000100000000)
  eden space 343040K, 81% used [0x00000000d5f80000,0x00000000e70cfdd8,0x00000000eae80000)
  from space 15872K, 0% used [0x00000000eae80000,0x00000000eae80000,0x00000000ebe00000)
  to   space 17408K, 0% used [0x00000000ef500000,0x00000000ef500000,0x00000000f0600000)
 ParOldGen       total 107520K, used 29580K [0x0000000081e00000, 0x0000000088700000, 0x00000000d5f80000)
  object space 107520K, 27% used [0x0000000081e00000,0x0000000083ae31b0,0x0000000088700000)
 Metaspace       used 59800K, capacity 62924K, committed 63232K, reserved 1103872K
  class space    used 8068K, capacity 8605K, committed 8704K, reserved 1048576K
Event: 61.971 GC heap after
Heap after GC invocations=15 (full 3):
 PSYoungGen      total 416256K, used 8155K [0x00000000d5f80000, 0x00000000f2500000, 0x0000000100000000)
  eden space 398848K, 0% used [0x00000000d5f80000,0x00000000d5f80000,0x00000000ee500000)
  from space 17408K, 46% used [0x00000000ef500000,0x00000000efcf6f40,0x00000000f0600000)
  to   space 16384K, 0% used [0x00000000ee500000,0x00000000ee500000,0x00000000ef500000)
 ParOldGen       total 107520K, used 95124K [0x0000000081e00000, 0x0000000088700000, 0x00000000d5f80000)
  object space 107520K, 88% used [0x0000000081e00000,0x0000000087ae51c0,0x0000000088700000)
 Metaspace       used 59800K, capacity 62924K, committed 63232K, reserved 1103872K
  class space    used 8068K, capacity 8605K, committed 8704K, reserved 1048576K
}
Event: 61.971 GC heap before
{Heap before GC invocations=16 (full 4):
 PSYoungGen      total 416256K, used 8155K [0x00000000d5f80000, 0x00000000f2500000, 0x0000000100000000)
  eden space 398848K, 0% used [0x00000000d5f80000,0x00000000d5f80000,0x00000000ee500000)
  from space 17408K, 46% used [0x00000000ef500000,0x00000000efcf6f40,0x00000000f0600000)
  to   space 16384K, 0% used [0x00000000ee500000,0x00000000ee500000,0x00000000ef500000)
 ParOldGen       total 107520K, used 95124K [0x0000000081e00000, 0x0000000088700000, 0x00000000d5f80000)
  object space 107520K, 88% used [0x0000000081e00000,0x0000000087ae51c0,0x0000000088700000)
 Metaspace       used 59800K, capacity 62924K, committed 63232K, reserved 1103872K
  class space    used 8068K, capacity 8605K, committed 8704K, reserved 1048576K
Event: 62.033 GC heap after
Heap after GC invocations=16 (full 4):
 PSYoungGen      total 416256K, used 0K [0x00000000d5f80000, 0x00000000f2500000, 0x0000000100000000)
  eden space 398848K, 0% used [0x00000000d5f80000,0x00000000d5f80000,0x00000000ee500000)
  from space 17408K, 0% used [0x00000000ef500000,0x00000000ef500000,0x00000000f0600000)
  to   space 16384K, 0% used [0x00000000ee500000,0x00000000ee500000,0x00000000ef500000)
 ParOldGen       total 216576K, used 92921K [0x0000000081e00000, 0x000000008f180000, 0x00000000d5f80000)
  object space 216576K, 42% used [0x0000000081e00000,0x00000000878be530,0x000000008f180000)
 Metaspace       used 59798K, capacity 62918K, committed 63232K, reserved 1103872K
  class space    used 8068K, capacity 8604K, committed 8704K, reserved 1048576K
}

