# JRE version: Java(TM) SE Runtime Environment (8.0_251-b08) (build 1.8.0_251-b08)
# Java VM: Java HotSpot(TM) 64-Bit Server VM (25.251-b08 mixed mode windows-amd64 compressed oops)
Heap:
 PSYoungGen      total 549376K, used 138478K [0x00000000d5f80000, 0x00000000f8880000, 0x0000000100000000)
  eden space 532480K, 25% used [0x00000000d5f80000,0x00000000de1c96c8,0x00000000f6780000)
  from space 16896K, 29% used [0x00000000f7800000,0x00000000f7cf2318,0x00000000f8880000)
  to   space 16896K, 0% used [0x00000000f6780000,0x00000000f6780000,0x00000000f7800000)
 ParOldGen       total 216576K, used 157480K [0x0000000081e00000, 0x000000008f180000, 0x00000000d5f80000)
  object space 216576K, 72% used [0x0000000081e00000,0x000000008b7ca098,0x000000008f180000)
 Metaspace       used 59702K, capacity 62636K, committed 62848K, reserved 1103872K
  class space    used 8041K, capacity 8559K, committed 8576K, reserved 1048576K
GC Heap History (10 events):
Event: 2.736 GC heap before
{Heap before GC invocations=11 (full 2):
 PSYoungGen      total 273408K, used 10744K [0x00000000d5f80000, 0x00000000eef80000, 0x0000000100000000)
  eden space 262656K, 0% used [0x00000000d5f80000,0x00000000d5f80000,0x00000000e6000000)
  from space 10752K, 99% used [0x00000000e6000000,0x00000000e6a7e100,0x00000000e6a80000)
  to   space 14336K, 0% used [0x00000000ee180000,0x00000000ee180000,0x00000000eef80000)
 ParOldGen       total 46592K, used 11701K [0x0000000081e00000, 0x0000000084b80000, 0x00000000d5f80000)
  object space 46592K, 25% used [0x0000000081e00000,0x000000008296d738,0x0000000084b80000)
 Metaspace       used 33282K, capacity 35276K, committed 35416K, reserved 1079296K
  class space    used 4585K, capacity 5013K, committed 5120K, reserved 1048576K
Event: 2.793 GC heap after
Heap after GC invocations=11 (full 2):
 PSYoungGen      total 273408K, used 0K [0x00000000d5f80000, 0x00000000eef80000, 0x0000000100000000)
  eden space 262656K, 0% used [0x00000000d5f80000,0x00000000d5f80000,0x00000000e6000000)
  from space 10752K, 0% used [0x00000000e6000000,0x00000000e6000000,0x00000000e6a80000)
  to   space 14336K, 0% used [0x00000000ee180000,0x00000000ee180000,0x00000000eef80000)
 ParOldGen       total 70144K, used 21011K [0x0000000081e00000, 0x0000000086280000, 0x00000000d5f80000)
  object space 70144K, 29% used [0x0000000081e00000,0x0000000083284eb8,0x0000000086280000)
 Metaspace       used 33282K, capacity 35276K, committed 35416K, reserved 1079296K
  class space    used 4585K, capacity 5013K, committed 5120K, reserved 1048576K
}
Event: 4.217 GC heap before
{Heap before GC invocations=12 (full 2):
 PSYoungGen      total 273408K, used 262656K [0x00000000d5f80000, 0x00000000eef80000, 0x0000000100000000)
  eden space 262656K, 100% used [0x00000000d5f80000,0x00000000e6000000,0x00000000e6000000)
  from space 10752K, 0% used [0x00000000e6000000,0x00000000e6000000,0x00000000e6a80000)
  to   space 14336K, 0% used [0x00000000ee180000,0x00000000ee180000,0x00000000eef80000)
 ParOldGen       total 70144K, used 21011K [0x0000000081e00000, 0x0000000086280000, 0x00000000d5f80000)
  object space 70144K, 29% used [0x0000000081e00000,0x0000000083284eb8,0x0000000086280000)
 Metaspace       used 48026K, capacity 50708K, committed 50944K, reserved 1093632K
  class space    used 6861K, capacity 7369K, committed 7424K, reserved 1048576K
Event: 4.231 GC heap after
Heap after GC invocations=12 (full 2):
 PSYoungGen      total 392192K, used 14331K [0x00000000d5f80000, 0x00000000ef400000, 0x0000000100000000)
  eden space 377856K, 0% used [0x00000000d5f80000,0x00000000d5f80000,0x00000000ed080000)
  from space 14336K, 99% used [0x00000000ee180000,0x00000000eef7ecb8,0x00000000eef80000)
  to   space 17408K, 0% used [0x00000000ed080000,0x00000000ed080000,0x00000000ee180000)
 ParOldGen       total 70144K, used 25265K [0x0000000081e00000, 0x0000000086280000, 0x00000000d5f80000)
  object space 70144K, 36% used [0x0000000081e00000,0x00000000836ac790,0x0000000086280000)
 Metaspace       used 48026K, capacity 50708K, committed 50944K, reserved 1093632K
  class space    used 6861K, capacity 7369K, committed 7424K, reserved 1048576K
}
Event: 14.665 GC heap before
{Heap before GC invocations=13 (full 2):
 PSYoungGen      total 392192K, used 116515K [0x00000000d5f80000, 0x00000000ef400000, 0x0000000100000000)
  eden space 377856K, 27% used [0x00000000d5f80000,0x00000000dc34a300,0x00000000ed080000)
  from space 14336K, 99% used [0x00000000ee180000,0x00000000eef7ecb8,0x00000000eef80000)
  to   space 17408K, 0% used [0x00000000ed080000,0x00000000ed080000,0x00000000ee180000)
 ParOldGen       total 70144K, used 25265K [0x0000000081e00000, 0x0000000086280000, 0x00000000d5f80000)
  object space 70144K, 36% used [0x0000000081e00000,0x00000000836ac790,0x0000000086280000)
 Metaspace       used 56080K, capacity 58966K, committed 59028K, reserved 1099776K
  class space    used 7635K, capacity 8152K, committed 8192K, reserved 1048576K
Event: 14.676 GC heap after
Heap after GC invocations=13 (full 2):
 PSYoungGen      total 395264K, used 8920K [0x00000000d5f80000, 0x00000000f8880000, 0x0000000100000000)
  eden space 377856K, 0% used [0x00000000d5f80000,0x00000000d5f80000,0x00000000ed080000)
  from space 17408K, 51% used [0x00000000ed080000,0x00000000ed936260,0x00000000ee180000)
  to   space 16896K, 0% used [0x00000000f7800000,0x00000000f7800000,0x00000000f8880000)
 ParOldGen       total 70144K, used 31443K [0x0000000081e00000, 0x0000000086280000, 0x00000000d5f80000)
  object space 70144K, 44% used [0x0000000081e00000,0x0000000083cb4d70,0x0000000086280000)
 Metaspace       used 56080K, capacity 58966K, committed 59028K, reserved 1099776K
  class space    used 7635K, capacity 8152K, committed 8192K, reserved 1048576K
}
Event: 14.676 GC heap before
{Heap before GC invocations=14 (full 3):
 PSYoungGen      total 395264K, used 8920K [0x00000000d5f80000, 0x00000000f8880000, 0x0000000100000000)
  eden space 377856K, 0% used [0x00000000d5f80000,0x00000000d5f80000,0x00000000ed080000)
  from space 17408K, 51% used [0x00000000ed080000,0x00000000ed936260,0x00000000ee180000)
  to   space 16896K, 0% used [0x00000000f7800000,0x00000000f7800000,0x00000000f8880000)
 ParOldGen       total 70144K, used 31443K [0x0000000081e00000, 0x0000000086280000, 0x00000000d5f80000)
  object space 70144K, 44% used [0x0000000081e00000,0x0000000083cb4d70,0x0000000086280000)
 Metaspace       used 56080K, capacity 58966K, committed 59028K, reserved 1099776K
  class space    used 7635K, capacity 8152K, committed 8192K, reserved 1048576K
Event: 14.765 GC heap after
Heap after GC invocations=14 (full 3):
 PSYoungGen      total 395264K, used 0K [0x00000000d5f80000, 0x00000000f8880000, 0x0000000100000000)
  eden space 377856K, 0% used [0x00000000d5f80000,0x00000000d5f80000,0x00000000ed080000)
  from space 17408K, 0% used [0x00000000ed080000,0x00000000ed080000,0x00000000ee180000)
  to   space 16896K, 0% used [0x00000000f7800000,0x00000000f7800000,0x00000000f8880000)
 ParOldGen       total 84992K, used 26400K [0x0000000081e00000, 0x0000000087100000, 0x00000000d5f80000)
  object space 84992K, 31% used [0x0000000081e00000,0x00000000837c8088,0x0000000087100000)
 Metaspace       used 56073K, capacity 58954K, committed 59028K, reserved 1099776K
  class space    used 7634K, capacity 8150K, committed 8192K, reserved 1048576K
}
Event: 45.957 GC heap before
{Heap before GC invocations=15 (full 3):
 PSYoungGen      total 395264K, used 364521K [0x00000000d5f80000, 0x00000000f8880000, 0x0000000100000000)
  eden space 377856K, 96% used [0x00000000d5f80000,0x00000000ec37a5b0,0x00000000ed080000)
  from space 17408K, 0% used [0x00000000ed080000,0x00000000ed080000,0x00000000ee180000)
  to   space 16896K, 0% used [0x00000000f7800000,0x00000000f7800000,0x00000000f8880000)
 ParOldGen       total 84992K, used 26400K [0x0000000081e00000, 0x0000000087100000, 0x00000000d5f80000)
  object space 84992K, 31% used [0x0000000081e00000,0x00000000837c8088,0x0000000087100000)
 Metaspace       used 59276K, capacity 62220K, committed 62336K, reserved 1103872K
  class space    used 8004K, capacity 8527K, committed 8576K, reserved 1048576K
Event: 46.026 GC heap after
Heap after GC invocations=15 (full 3):
 PSYoungGen      total 549376K, used 5064K [0x00000000d5f80000, 0x00000000f8880000, 0x0000000100000000)
  eden space 532480K, 0% used [0x00000000d5f80000,0x00000000d5f80000,0x00000000f6780000)
  from space 16896K, 29% used [0x00000000f7800000,0x00000000f7cf2318,0x00000000f8880000)
  to   space 16896K, 0% used [0x00000000f6780000,0x00000000f6780000,0x00000000f7800000)
 ParOldGen       total 216576K, used 157480K [0x0000000081e00000, 0x000000008f180000, 0x00000000d5f80000)
  object space 216576K, 72% used [0x0000000081e00000,0x000000008b7ca098,0x000000008f180000)
 Metaspace       used 59276K, capacity 62220K, committed 62336K, reserved 1103872K
  class space    used 8004K, capacity 8527K, committed 8576K, reserved 1048576K
}

