# JRE version: Java(TM) SE Runtime Environment (8.0_251-b08) (build 1.8.0_251-b08)
# Java VM: Java HotSpot(TM) 64-Bit Server VM (25.251-b08 mixed mode windows-amd64 compressed oops)
Heap:
 PSYoungGen      total 252416K, used 130560K [0x00000000d5f80000, 0x00000000ea400000, 0x0000000100000000)
  eden space 235008K, 54% used [0x00000000d5f80000,0x00000000ddcfe458,0x00000000e4500000)
  from space 17408K, 11% used [0x00000000e4500000,0x00000000e4701de8,0x00000000e5600000)
  to   space 17920K, 0% used [0x00000000e9280000,0x00000000e9280000,0x00000000ea400000)
 ParOldGen       total 243712K, used 152682K [0x0000000081e00000, 0x0000000090c00000, 0x00000000d5f80000)
  object space 243712K, 62% used [0x0000000081e00000,0x000000008b31aaa0,0x0000000090c00000)
 Metaspace       used 57960K, capacity 60726K, committed 60800K, reserved 1101824K
  class space    used 7782K, capacity 8268K, committed 8320K, reserved 1048576K
GC Heap History (10 events):
Event: 2.258 GC heap before
{Heap before GC invocations=10 (full 2):
 PSYoungGen      total 196096K, used 9639K [0x00000000d5f80000, 0x00000000e4900000, 0x0000000100000000)
  eden space 185344K, 0% used [0x00000000d5f80000,0x00000000d5f80000,0x00000000e1480000)
  from space 10752K, 89% used [0x00000000e1f80000,0x00000000e28e9ed8,0x00000000e2a00000)
  to   space 11264K, 0% used [0x00000000e1480000,0x00000000e1480000,0x00000000e1f80000)
 ParOldGen       total 54272K, used 9615K [0x0000000081e00000, 0x0000000085300000, 0x00000000d5f80000)
  object space 54272K, 17% used [0x0000000081e00000,0x0000000082763eb8,0x0000000085300000)
 Metaspace       used 33445K, capacity 35364K, committed 35416K, reserved 1079296K
  class space    used 4687K, capacity 5093K, committed 5120K, reserved 1048576K
Event: 2.310 GC heap after
Heap after GC invocations=10 (full 2):
 PSYoungGen      total 196096K, used 0K [0x00000000d5f80000, 0x00000000e4900000, 0x0000000100000000)
  eden space 185344K, 0% used [0x00000000d5f80000,0x00000000d5f80000,0x00000000e1480000)
  from space 10752K, 0% used [0x00000000e1f80000,0x00000000e1f80000,0x00000000e2a00000)
  to   space 11264K, 0% used [0x00000000e1480000,0x00000000e1480000,0x00000000e1f80000)
 ParOldGen       total 81920K, used 14985K [0x0000000081e00000, 0x0000000086e00000, 0x00000000d5f80000)
  object space 81920K, 18% used [0x0000000081e00000,0x0000000082ca26c0,0x0000000086e00000)
 Metaspace       used 33445K, capacity 35364K, committed 35416K, reserved 1079296K
  class space    used 4687K, capacity 5093K, committed 5120K, reserved 1048576K
}
Event: 13.815 GC heap before
{Heap before GC invocations=11 (full 2):
 PSYoungGen      total 196096K, used 185344K [0x00000000d5f80000, 0x00000000e4900000, 0x0000000100000000)
  eden space 185344K, 100% used [0x00000000d5f80000,0x00000000e1480000,0x00000000e1480000)
  from space 10752K, 0% used [0x00000000e1f80000,0x00000000e1f80000,0x00000000e2a00000)
  to   space 11264K, 0% used [0x00000000e1480000,0x00000000e1480000,0x00000000e1f80000)
 ParOldGen       total 81920K, used 14985K [0x0000000081e00000, 0x0000000086e00000, 0x00000000d5f80000)
  object space 81920K, 18% used [0x0000000081e00000,0x0000000082ca26c0,0x0000000086e00000)
 Metaspace       used 53098K, capacity 55668K, committed 55936K, reserved 1097728K
  class space    used 7302K, capacity 7763K, committed 7808K, reserved 1048576K
Event: 13.832 GC heap after
Heap after GC invocations=11 (full 2):
 PSYoungGen      total 196608K, used 11232K [0x00000000d5f80000, 0x00000000e6700000, 0x0000000100000000)
  eden space 185344K, 0% used [0x00000000d5f80000,0x00000000d5f80000,0x00000000e1480000)
  from space 11264K, 99% used [0x00000000e1480000,0x00000000e1f78150,0x00000000e1f80000)
  to   space 17408K, 0% used [0x00000000e5600000,0x00000000e5600000,0x00000000e6700000)
 ParOldGen       total 81920K, used 27200K [0x0000000081e00000, 0x0000000086e00000, 0x00000000d5f80000)
  object space 81920K, 33% used [0x0000000081e00000,0x00000000838903f8,0x0000000086e00000)
 Metaspace       used 53098K, capacity 55668K, committed 55936K, reserved 1097728K
  class space    used 7302K, capacity 7763K, committed 7808K, reserved 1048576K
}
Event: 14.132 GC heap before
{Heap before GC invocations=12 (full 2):
 PSYoungGen      total 196608K, used 51725K [0x00000000d5f80000, 0x00000000e6700000, 0x0000000100000000)
  eden space 185344K, 21% used [0x00000000d5f80000,0x00000000d870b3c8,0x00000000e1480000)
  from space 11264K, 99% used [0x00000000e1480000,0x00000000e1f78150,0x00000000e1f80000)
  to   space 17408K, 0% used [0x00000000e5600000,0x00000000e5600000,0x00000000e6700000)
 ParOldGen       total 81920K, used 27200K [0x0000000081e00000, 0x0000000086e00000, 0x00000000d5f80000)
  object space 81920K, 33% used [0x0000000081e00000,0x00000000838903f8,0x0000000086e00000)
 Metaspace       used 56314K, capacity 58970K, committed 59008K, reserved 1099776K
  class space    used 7577K, capacity 8053K, committed 8064K, reserved 1048576K
Event: 14.140 GC heap after
Heap after GC invocations=12 (full 2):
 PSYoungGen      total 252416K, used 11191K [0x00000000d5f80000, 0x00000000e6700000, 0x0000000100000000)
  eden space 235008K, 0% used [0x00000000d5f80000,0x00000000d5f80000,0x00000000e4500000)
  from space 17408K, 64% used [0x00000000e5600000,0x00000000e60edf98,0x00000000e6700000)
  to   space 17408K, 0% used [0x00000000e4500000,0x00000000e4500000,0x00000000e5600000)
 ParOldGen       total 81920K, used 27208K [0x0000000081e00000, 0x0000000086e00000, 0x00000000d5f80000)
  object space 81920K, 33% used [0x0000000081e00000,0x00000000838923f8,0x0000000086e00000)
 Metaspace       used 56314K, capacity 58970K, committed 59008K, reserved 1099776K
  class space    used 7577K, capacity 8053K, committed 8064K, reserved 1048576K
}
Event: 14.140 GC heap before
{Heap before GC invocations=13 (full 3):
 PSYoungGen      total 252416K, used 11191K [0x00000000d5f80000, 0x00000000e6700000, 0x0000000100000000)
  eden space 235008K, 0% used [0x00000000d5f80000,0x00000000d5f80000,0x00000000e4500000)
  from space 17408K, 64% used [0x00000000e5600000,0x00000000e60edf98,0x00000000e6700000)
  to   space 17408K, 0% used [0x00000000e4500000,0x00000000e4500000,0x00000000e5600000)
 ParOldGen       total 81920K, used 27208K [0x0000000081e00000, 0x0000000086e00000, 0x00000000d5f80000)
  object space 81920K, 33% used [0x0000000081e00000,0x00000000838923f8,0x0000000086e00000)
 Metaspace       used 56314K, capacity 58970K, committed 59008K, reserved 1099776K
  class space    used 7577K, capacity 8053K, committed 8064K, reserved 1048576K
Event: 14.264 GC heap after
Heap after GC invocations=13 (full 3):
 PSYoungGen      total 252416K, used 0K [0x00000000d5f80000, 0x00000000e6700000, 0x0000000100000000)
  eden space 235008K, 0% used [0x00000000d5f80000,0x00000000d5f80000,0x00000000e4500000)
  from space 17408K, 0% used [0x00000000e5600000,0x00000000e5600000,0x00000000e6700000)
  to   space 17408K, 0% used [0x00000000e4500000,0x00000000e4500000,0x00000000e5600000)
 ParOldGen       total 112128K, used 21602K [0x0000000081e00000, 0x0000000088b80000, 0x00000000d5f80000)
  object space 112128K, 19% used [0x0000000081e00000,0x0000000083318a90,0x0000000088b80000)
 Metaspace       used 56314K, capacity 58970K, committed 59008K, reserved 1099776K
  class space    used 7577K, capacity 8053K, committed 8064K, reserved 1048576K
}
Event: 65.722 GC heap before
{Heap before GC invocations=14 (full 3):
 PSYoungGen      total 252416K, used 166233K [0x00000000d5f80000, 0x00000000e6700000, 0x0000000100000000)
  eden space 235008K, 70% used [0x00000000d5f80000,0x00000000e01d6630,0x00000000e4500000)
  from space 17408K, 0% used [0x00000000e5600000,0x00000000e5600000,0x00000000e6700000)
  to   space 17408K, 0% used [0x00000000e4500000,0x00000000e4500000,0x00000000e5600000)
 ParOldGen       total 243712K, used 152674K [0x0000000081e00000, 0x0000000090c00000, 0x00000000d5f80000)
  object space 243712K, 62% used [0x0000000081e00000,0x000000008b318aa0,0x0000000090c00000)
 Metaspace       used 57531K, capacity 60304K, committed 60544K, reserved 1101824K
  class space    used 7746K, capacity 8235K, committed 8320K, reserved 1048576K
Event: 65.732 GC heap after
Heap after GC invocations=14 (full 3):
 PSYoungGen      total 252416K, used 2055K [0x00000000d5f80000, 0x00000000ea400000, 0x0000000100000000)
  eden space 235008K, 0% used [0x00000000d5f80000,0x00000000d5f80000,0x00000000e4500000)
  from space 17408K, 11% used [0x00000000e4500000,0x00000000e4701de8,0x00000000e5600000)
  to   space 17920K, 0% used [0x00000000e9280000,0x00000000e9280000,0x00000000ea400000)
 ParOldGen       total 243712K, used 152682K [0x0000000081e00000, 0x0000000090c00000, 0x00000000d5f80000)
  object space 243712K, 62% used [0x0000000081e00000,0x000000008b31aaa0,0x0000000090c00000)
 Metaspace       used 57531K, capacity 60304K, committed 60544K, reserved 1101824K
  class space    used 7746K, capacity 8235K, committed 8320K, reserved 1048576K
}

