# JRE version: Java(TM) SE Runtime Environment (8.0_251-b08) (build 1.8.0_251-b08)
# Java VM: Java HotSpot(TM) 64-Bit Server VM (25.251-b08 mixed mode windows-amd64 compressed oops)
Heap:
 PSYoungGen      total 529920K, used 488119K [0x00000000d5f80000, 0x00000000f7b80000, 0x0000000100000000)
  eden space 516096K, 94% used [0x00000000d5f80000,0x00000000f3c2dd68,0x00000000f5780000)
  from space 13824K, 0% used [0x00000000f6e00000,0x00000000f6e00000,0x00000000f7b80000)
  to   space 18432K, 0% used [0x00000000f5780000,0x00000000f5780000,0x00000000f6980000)
 ParOldGen       total 79872K, used 23743K [0x0000000081e00000, 0x0000000086c00000, 0x00000000d5f80000)
  object space 79872K, 29% used [0x0000000081e00000,0x000000008352feb8,0x0000000086c00000)
 Metaspace       used 59627K, capacity 62640K, committed 62848K, reserved 1103872K
  class space    used 8015K, capacity 8559K, committed 8576K, reserved 1048576K
GC Heap History (10 events):
Event: 2.769 GC heap before
{Heap before GC invocations=11 (full 1):
 PSYoungGen      total 274432K, used 19686K [0x00000000d5f80000, 0x00000000ec800000, 0x0000000100000000)
  eden space 264192K, 3% used [0x00000000d5f80000,0x00000000d68bd8c0,0x00000000e6180000)
  from space 10240K, 99% used [0x00000000e6180000,0x00000000e6b7c0c8,0x00000000e6b80000)
  to   space 13824K, 0% used [0x00000000eba80000,0x00000000eba80000,0x00000000ec800000)
 ParOldGen       total 50688K, used 12497K [0x0000000081e00000, 0x0000000084f80000, 0x00000000d5f80000)
  object space 50688K, 24% used [0x0000000081e00000,0x0000000082a346b8,0x0000000084f80000)
 Metaspace       used 33276K, capacity 35280K, committed 35416K, reserved 1079296K
  class space    used 4585K, capacity 5013K, committed 5120K, reserved 1048576K
Event: 2.776 GC heap after
Heap after GC invocations=11 (full 1):
 PSYoungGen      total 355840K, used 5064K [0x00000000d5f80000, 0x00000000f0a00000, 0x0000000100000000)
  eden space 342016K, 0% used [0x00000000d5f80000,0x00000000d5f80000,0x00000000ead80000)
  from space 13824K, 36% used [0x00000000eba80000,0x00000000ebf72358,0x00000000ec800000)
  to   space 13312K, 0% used [0x00000000ead80000,0x00000000ead80000,0x00000000eba80000)
 ParOldGen       total 50688K, used 15589K [0x0000000081e00000, 0x0000000084f80000, 0x00000000d5f80000)
  object space 50688K, 30% used [0x0000000081e00000,0x0000000082d39688,0x0000000084f80000)
 Metaspace       used 33276K, capacity 35280K, committed 35416K, reserved 1079296K
  class space    used 4585K, capacity 5013K, committed 5120K, reserved 1048576K
}
Event: 2.776 GC heap before
{Heap before GC invocations=12 (full 2):
 PSYoungGen      total 355840K, used 5064K [0x00000000d5f80000, 0x00000000f0a00000, 0x0000000100000000)
  eden space 342016K, 0% used [0x00000000d5f80000,0x00000000d5f80000,0x00000000ead80000)
  from space 13824K, 36% used [0x00000000eba80000,0x00000000ebf72358,0x00000000ec800000)
  to   space 13312K, 0% used [0x00000000ead80000,0x00000000ead80000,0x00000000eba80000)
 ParOldGen       total 50688K, used 15589K [0x0000000081e00000, 0x0000000084f80000, 0x00000000d5f80000)
  object space 50688K, 30% used [0x0000000081e00000,0x0000000082d39688,0x0000000084f80000)
 Metaspace       used 33276K, capacity 35280K, committed 35416K, reserved 1079296K
  class space    used 4585K, capacity 5013K, committed 5120K, reserved 1048576K
Event: 2.811 GC heap after
Heap after GC invocations=12 (full 2):
 PSYoungGen      total 355840K, used 0K [0x00000000d5f80000, 0x00000000f0a00000, 0x0000000100000000)
  eden space 342016K, 0% used [0x00000000d5f80000,0x00000000d5f80000,0x00000000ead80000)
  from space 13824K, 0% used [0x00000000eba80000,0x00000000eba80000,0x00000000ec800000)
  to   space 13312K, 0% used [0x00000000ead80000,0x00000000ead80000,0x00000000eba80000)
 ParOldGen       total 63488K, used 14347K [0x0000000081e00000, 0x0000000085c00000, 0x00000000d5f80000)
  object space 63488K, 22% used [0x0000000081e00000,0x0000000082c02ef8,0x0000000085c00000)
 Metaspace       used 33276K, capacity 35280K, committed 35416K, reserved 1079296K
  class space    used 4585K, capacity 5013K, committed 5120K, reserved 1048576K
}
Event: 45.897 GC heap before
{Heap before GC invocations=13 (full 2):
 PSYoungGen      total 355840K, used 342016K [0x00000000d5f80000, 0x00000000f0a00000, 0x0000000100000000)
  eden space 342016K, 100% used [0x00000000d5f80000,0x00000000ead80000,0x00000000ead80000)
  from space 13824K, 0% used [0x00000000eba80000,0x00000000eba80000,0x00000000ec800000)
  to   space 13312K, 0% used [0x00000000ead80000,0x00000000ead80000,0x00000000eba80000)
 ParOldGen       total 63488K, used 14347K [0x0000000081e00000, 0x0000000085c00000, 0x00000000d5f80000)
  object space 63488K, 22% used [0x0000000081e00000,0x0000000082c02ef8,0x0000000085c00000)
 Metaspace       used 52055K, capacity 54938K, committed 55296K, reserved 1097728K
  class space    used 7319K, capacity 7832K, committed 7936K, reserved 1048576K
Event: 45.915 GC heap after
Heap after GC invocations=13 (full 2):
 PSYoungGen      total 355328K, used 13310K [0x00000000d5f80000, 0x00000000f8000000, 0x0000000100000000)
  eden space 342016K, 0% used [0x00000000d5f80000,0x00000000d5f80000,0x00000000ead80000)
  from space 13312K, 99% used [0x00000000ead80000,0x00000000eba7fa08,0x00000000eba80000)
  to   space 18432K, 0% used [0x00000000f6e00000,0x00000000f6e00000,0x00000000f8000000)
 ParOldGen       total 63488K, used 23514K [0x0000000081e00000, 0x0000000085c00000, 0x00000000d5f80000)
  object space 63488K, 37% used [0x0000000081e00000,0x00000000834f68e8,0x0000000085c00000)
 Metaspace       used 52055K, capacity 54938K, committed 55296K, reserved 1097728K
  class space    used 7319K, capacity 7832K, committed 7936K, reserved 1048576K
}
Event: 46.143 GC heap before
{Heap before GC invocations=14 (full 2):
 PSYoungGen      total 355328K, used 56496K [0x00000000d5f80000, 0x00000000f8000000, 0x0000000100000000)
  eden space 342016K, 12% used [0x00000000d5f80000,0x00000000d89ac710,0x00000000ead80000)
  from space 13312K, 99% used [0x00000000ead80000,0x00000000eba7fa08,0x00000000eba80000)
  to   space 18432K, 0% used [0x00000000f6e00000,0x00000000f6e00000,0x00000000f8000000)
 ParOldGen       total 63488K, used 23514K [0x0000000081e00000, 0x0000000085c00000, 0x00000000d5f80000)
  object space 63488K, 37% used [0x0000000081e00000,0x00000000834f68e8,0x0000000085c00000)
 Metaspace       used 56002K, capacity 58906K, committed 59028K, reserved 1099776K
  class space    used 7623K, capacity 8152K, committed 8192K, reserved 1048576K
Event: 46.152 GC heap after
Heap after GC invocations=14 (full 2):
 PSYoungGen      total 529920K, used 4634K [0x00000000d5f80000, 0x00000000f7b80000, 0x0000000100000000)
  eden space 516096K, 0% used [0x00000000d5f80000,0x00000000d5f80000,0x00000000f5780000)
  from space 13824K, 33% used [0x00000000f6e00000,0x00000000f72868e8,0x00000000f7b80000)
  to   space 18432K, 0% used [0x00000000f5780000,0x00000000f5780000,0x00000000f6980000)
 ParOldGen       total 63488K, used 31091K [0x0000000081e00000, 0x0000000085c00000, 0x00000000d5f80000)
  object space 63488K, 48% used [0x0000000081e00000,0x0000000083c5cc40,0x0000000085c00000)
 Metaspace       used 56002K, capacity 58906K, committed 59028K, reserved 1099776K
  class space    used 7623K, capacity 8152K, committed 8192K, reserved 1048576K
}
Event: 46.152 GC heap before
{Heap before GC invocations=15 (full 3):
 PSYoungGen      total 529920K, used 4634K [0x00000000d5f80000, 0x00000000f7b80000, 0x0000000100000000)
  eden space 516096K, 0% used [0x00000000d5f80000,0x00000000d5f80000,0x00000000f5780000)
  from space 13824K, 33% used [0x00000000f6e00000,0x00000000f72868e8,0x00000000f7b80000)
  to   space 18432K, 0% used [0x00000000f5780000,0x00000000f5780000,0x00000000f6980000)
 ParOldGen       total 63488K, used 31091K [0x0000000081e00000, 0x0000000085c00000, 0x00000000d5f80000)
  object space 63488K, 48% used [0x0000000081e00000,0x0000000083c5cc40,0x0000000085c00000)
 Metaspace       used 56002K, capacity 58906K, committed 59028K, reserved 1099776K
  class space    used 7623K, capacity 8152K, committed 8192K, reserved 1048576K
Event: 46.249 GC heap after
Heap after GC invocations=15 (full 3):
 PSYoungGen      total 529920K, used 0K [0x00000000d5f80000, 0x00000000f7b80000, 0x0000000100000000)
  eden space 516096K, 0% used [0x00000000d5f80000,0x00000000d5f80000,0x00000000f5780000)
  from space 13824K, 0% used [0x00000000f6e00000,0x00000000f6e00000,0x00000000f7b80000)
  to   space 18432K, 0% used [0x00000000f5780000,0x00000000f5780000,0x00000000f6980000)
 ParOldGen       total 79872K, used 23743K [0x0000000081e00000, 0x0000000086c00000, 0x00000000d5f80000)
  object space 79872K, 29% used [0x0000000081e00000,0x000000008352feb8,0x0000000086c00000)
 Metaspace       used 55995K, capacity 58894K, committed 59028K, reserved 1099776K
  class space    used 7622K, capacity 8150K, committed 8192K, reserved 1048576K
}

