# JRE version: Java(TM) SE Runtime Environment (8.0_251-b08) (build 1.8.0_251-b08)
# Java VM: Java HotSpot(TM) 64-Bit Server VM (25.251-b08 mixed mode windows-amd64 compressed oops)
Heap:
 PSYoungGen      total 541696K, used 138306K [0x00000000d5f80000, 0x00000000f8700000, 0x0000000100000000)
  eden space 530944K, 25% used [0x00000000d5f80000,0x00000000de1ccb30,0x00000000f6600000)
  from space 10752K, 45% used [0x00000000f7c80000,0x00000000f8143d00,0x00000000f8700000)
  to   space 16896K, 0% used [0x00000000f6600000,0x00000000f6600000,0x00000000f7680000)
 ParOldGen       total 216576K, used 157654K [0x0000000081e00000, 0x000000008f180000, 0x00000000d5f80000)
  object space 216576K, 72% used [0x0000000081e00000,0x000000008b7f5960,0x000000008f180000)
 Metaspace       used 59616K, capacity 62636K, committed 62848K, reserved 1103872K
  class space    used 8015K, capacity 8559K, committed 8576K, reserved 1048576K
GC Heap History (10 events):
Event: 2.945 GC heap before
{Heap before GC invocations=11 (full 2):
 PSYoungGen      total 273408K, used 10727K [0x00000000d5f80000, 0x00000000ef280000, 0x0000000100000000)
  eden space 262656K, 0% used [0x00000000d5f80000,0x00000000d5f80000,0x00000000e6000000)
  from space 10752K, 99% used [0x00000000e6000000,0x00000000e6a79ee8,0x00000000e6a80000)
  to   space 14336K, 0% used [0x00000000ee480000,0x00000000ee480000,0x00000000ef280000)
 ParOldGen       total 46592K, used 11645K [0x0000000081e00000, 0x0000000084b80000, 0x00000000d5f80000)
  object space 46592K, 24% used [0x0000000081e00000,0x000000008295f7f0,0x0000000084b80000)
 Metaspace       used 33298K, capacity 35276K, committed 35416K, reserved 1079296K
  class space    used 4586K, capacity 5013K, committed 5120K, reserved 1048576K
Event: 3.010 GC heap after
Heap after GC invocations=11 (full 2):
 PSYoungGen      total 273408K, used 0K [0x00000000d5f80000, 0x00000000ef280000, 0x0000000100000000)
  eden space 262656K, 0% used [0x00000000d5f80000,0x00000000d5f80000,0x00000000e6000000)
  from space 10752K, 0% used [0x00000000e6000000,0x00000000e6000000,0x00000000e6a80000)
  to   space 14336K, 0% used [0x00000000ee480000,0x00000000ee480000,0x00000000ef280000)
 ParOldGen       total 69632K, used 20900K [0x0000000081e00000, 0x0000000086200000, 0x00000000d5f80000)
  object space 69632K, 30% used [0x0000000081e00000,0x0000000083269168,0x0000000086200000)
 Metaspace       used 33298K, capacity 35276K, committed 35416K, reserved 1079296K
  class space    used 4586K, capacity 5013K, committed 5120K, reserved 1048576K
}
Event: 4.482 GC heap before
{Heap before GC invocations=12 (full 2):
 PSYoungGen      total 273408K, used 262656K [0x00000000d5f80000, 0x00000000ef280000, 0x0000000100000000)
  eden space 262656K, 100% used [0x00000000d5f80000,0x00000000e6000000,0x00000000e6000000)
  from space 10752K, 0% used [0x00000000e6000000,0x00000000e6000000,0x00000000e6a80000)
  to   space 14336K, 0% used [0x00000000ee480000,0x00000000ee480000,0x00000000ef280000)
 ParOldGen       total 69632K, used 20900K [0x0000000081e00000, 0x0000000086200000, 0x00000000d5f80000)
  object space 69632K, 30% used [0x0000000081e00000,0x0000000083269168,0x0000000086200000)
 Metaspace       used 48027K, capacity 50708K, committed 50944K, reserved 1093632K
  class space    used 6860K, capacity 7369K, committed 7424K, reserved 1048576K
Event: 4.498 GC heap after
Heap after GC invocations=12 (full 2):
 PSYoungGen      total 394240K, used 14305K [0x00000000d5f80000, 0x00000000ef480000, 0x0000000100000000)
  eden space 379904K, 0% used [0x00000000d5f80000,0x00000000d5f80000,0x00000000ed280000)
  from space 14336K, 99% used [0x00000000ee480000,0x00000000ef2785c0,0x00000000ef280000)
  to   space 17408K, 0% used [0x00000000ed280000,0x00000000ed280000,0x00000000ee380000)
 ParOldGen       total 69632K, used 25125K [0x0000000081e00000, 0x0000000086200000, 0x00000000d5f80000)
  object space 69632K, 36% used [0x0000000081e00000,0x00000000836895f0,0x0000000086200000)
 Metaspace       used 48027K, capacity 50708K, committed 50944K, reserved 1093632K
  class space    used 6860K, capacity 7369K, committed 7424K, reserved 1048576K
}
Event: 8.524 GC heap before
{Heap before GC invocations=13 (full 2):
 PSYoungGen      total 394240K, used 111975K [0x00000000d5f80000, 0x00000000ef480000, 0x0000000100000000)
  eden space 379904K, 25% used [0x00000000d5f80000,0x00000000dbee1878,0x00000000ed280000)
  from space 14336K, 99% used [0x00000000ee480000,0x00000000ef2785c0,0x00000000ef280000)
  to   space 17408K, 0% used [0x00000000ed280000,0x00000000ed280000,0x00000000ee380000)
 ParOldGen       total 69632K, used 25125K [0x0000000081e00000, 0x0000000086200000, 0x00000000d5f80000)
  object space 69632K, 36% used [0x0000000081e00000,0x00000000836895f0,0x0000000086200000)
 Metaspace       used 56084K, capacity 58966K, committed 59028K, reserved 1099776K
  class space    used 7634K, capacity 8152K, committed 8192K, reserved 1048576K
Event: 8.536 GC heap after
Heap after GC invocations=13 (full 2):
 PSYoungGen      total 397312K, used 9113K [0x00000000d5f80000, 0x00000000f8d00000, 0x0000000100000000)
  eden space 379904K, 0% used [0x00000000d5f80000,0x00000000d5f80000,0x00000000ed280000)
  from space 17408K, 52% used [0x00000000ed280000,0x00000000edb665b8,0x00000000ee380000)
  to   space 16896K, 0% used [0x00000000f7c80000,0x00000000f7c80000,0x00000000f8d00000)
 ParOldGen       total 69632K, used 31283K [0x0000000081e00000, 0x0000000086200000, 0x00000000d5f80000)
  object space 69632K, 44% used [0x0000000081e00000,0x0000000083c8cfe0,0x0000000086200000)
 Metaspace       used 56084K, capacity 58966K, committed 59028K, reserved 1099776K
  class space    used 7634K, capacity 8152K, committed 8192K, reserved 1048576K
}
Event: 8.536 GC heap before
{Heap before GC invocations=14 (full 3):
 PSYoungGen      total 397312K, used 9113K [0x00000000d5f80000, 0x00000000f8d00000, 0x0000000100000000)
  eden space 379904K, 0% used [0x00000000d5f80000,0x00000000d5f80000,0x00000000ed280000)
  from space 17408K, 52% used [0x00000000ed280000,0x00000000edb665b8,0x00000000ee380000)
  to   space 16896K, 0% used [0x00000000f7c80000,0x00000000f7c80000,0x00000000f8d00000)
 ParOldGen       total 69632K, used 31283K [0x0000000081e00000, 0x0000000086200000, 0x00000000d5f80000)
  object space 69632K, 44% used [0x0000000081e00000,0x0000000083c8cfe0,0x0000000086200000)
 Metaspace       used 56084K, capacity 58966K, committed 59028K, reserved 1099776K
  class space    used 7634K, capacity 8152K, committed 8192K, reserved 1048576K
Event: 8.631 GC heap after
Heap after GC invocations=14 (full 3):
 PSYoungGen      total 397312K, used 0K [0x00000000d5f80000, 0x00000000f8d00000, 0x0000000100000000)
  eden space 379904K, 0% used [0x00000000d5f80000,0x00000000d5f80000,0x00000000ed280000)
  from space 17408K, 0% used [0x00000000ed280000,0x00000000ed280000,0x00000000ee380000)
  to   space 16896K, 0% used [0x00000000f7c80000,0x00000000f7c80000,0x00000000f8d00000)
 ParOldGen       total 84992K, used 26574K [0x0000000081e00000, 0x0000000087100000, 0x00000000d5f80000)
  object space 84992K, 31% used [0x0000000081e00000,0x00000000837f3950,0x0000000087100000)
 Metaspace       used 56076K, capacity 58954K, committed 59028K, reserved 1099776K
  class space    used 7633K, capacity 8150K, committed 8192K, reserved 1048576K
}
Event: 35.297 GC heap before
{Heap before GC invocations=15 (full 3):
 PSYoungGen      total 397312K, used 359394K [0x00000000d5f80000, 0x00000000f8d00000, 0x0000000100000000)
  eden space 379904K, 94% used [0x00000000d5f80000,0x00000000ebe78ad0,0x00000000ed280000)
  from space 17408K, 0% used [0x00000000ed280000,0x00000000ed280000,0x00000000ee380000)
  to   space 16896K, 0% used [0x00000000f7c80000,0x00000000f7c80000,0x00000000f8d00000)
 ParOldGen       total 84992K, used 26574K [0x0000000081e00000, 0x0000000087100000, 0x00000000d5f80000)
  object space 84992K, 31% used [0x0000000081e00000,0x00000000837f3950,0x0000000087100000)
 Metaspace       used 59194K, capacity 62220K, committed 62336K, reserved 1103872K
  class space    used 7978K, capacity 8527K, committed 8576K, reserved 1048576K
Event: 35.377 GC heap after
Heap after GC invocations=15 (full 3):
 PSYoungGen      total 541696K, used 4879K [0x00000000d5f80000, 0x00000000f8700000, 0x0000000100000000)
  eden space 530944K, 0% used [0x00000000d5f80000,0x00000000d5f80000,0x00000000f6600000)
  from space 10752K, 45% used [0x00000000f7c80000,0x00000000f8143d00,0x00000000f8700000)
  to   space 16896K, 0% used [0x00000000f6600000,0x00000000f6600000,0x00000000f7680000)
 ParOldGen       total 216576K, used 157654K [0x0000000081e00000, 0x000000008f180000, 0x00000000d5f80000)
  object space 216576K, 72% used [0x0000000081e00000,0x000000008b7f5960,0x000000008f180000)
 Metaspace       used 59194K, capacity 62220K, committed 62336K, reserved 1103872K
  class space    used 7978K, capacity 8527K, committed 8576K, reserved 1048576K
}

