# JRE version: Java(TM) SE Runtime Environment (8.0_251-b08) (build 1.8.0_251-b08)
# Java VM: Java HotSpot(TM) 64-Bit Server VM (25.251-b08 mixed mode windows-amd64 compressed oops)
Heap:
 PSYoungGen      total 397312K, used 134985K [0x00000000d5f80000, 0x00000000f8080000, 0x0000000100000000)
  eden space 376320K, 35% used [0x00000000d5f80000,0x00000000de3526c8,0x00000000ecf00000)
  from space 20992K, 0% used [0x00000000ecf00000,0x00000000ecf00000,0x00000000ee380000)
  to   space 20992K, 0% used [0x00000000f6c00000,0x00000000f6c00000,0x00000000f8080000)
 ParOldGen       total 263680K, used 153352K [0x0000000081e00000, 0x0000000091f80000, 0x00000000d5f80000)
  object space 263680K, 58% used [0x0000000081e00000,0x000000008b3c2030,0x0000000091f80000)
 Metaspace       used 60156K, capacity 63338K, committed 63448K, reserved 1103872K
  class space    used 8107K, capacity 8684K, committed 8704K, reserved 1048576K
GC Heap History (10 events):
Event: 21.775 GC heap before
{Heap before GC invocations=13 (full 2):
 PSYoungGen      total 389120K, used 77824K [0x00000000d5f80000, 0x00000000ef500000, 0x0000000100000000)
  eden space 375296K, 17% used [0x00000000d5f80000,0x00000000d9e03380,0x00000000ece00000)
  from space 13824K, 99% used [0x00000000edf80000,0x00000000eecfcc90,0x00000000eed00000)
  to   space 17920K, 0% used [0x00000000ece00000,0x00000000ece00000,0x00000000edf80000)
 ParOldGen       total 69632K, used 25716K [0x0000000081e00000, 0x0000000086200000, 0x00000000d5f80000)
  object space 69632K, 36% used [0x0000000081e00000,0x000000008371d0b0,0x0000000086200000)
 Metaspace       used 48937K, capacity 51838K, committed 52056K, reserved 1093632K
  class space    used 7017K, capacity 7549K, committed 7552K, reserved 1048576K
Event: 21.784 GC heap after
Heap after GC invocations=13 (full 2):
 PSYoungGen      total 393216K, used 691K [0x00000000d5f80000, 0x00000000ef500000, 0x0000000100000000)
  eden space 375296K, 0% used [0x00000000d5f80000,0x00000000d5f80000,0x00000000ece00000)
  from space 17920K, 3% used [0x00000000ece00000,0x00000000eceaccb0,0x00000000edf80000)
  to   space 17920K, 0% used [0x00000000ee380000,0x00000000ee380000,0x00000000ef500000)
 ParOldGen       total 69632K, used 31945K [0x0000000081e00000, 0x0000000086200000, 0x00000000d5f80000)
  object space 69632K, 45% used [0x0000000081e00000,0x0000000083d326a0,0x0000000086200000)
 Metaspace       used 48937K, capacity 51838K, committed 52056K, reserved 1093632K
  class space    used 7017K, capacity 7549K, committed 7552K, reserved 1048576K
}
Event: 21.784 GC heap before
{Heap before GC invocations=14 (full 3):
 PSYoungGen      total 393216K, used 691K [0x00000000d5f80000, 0x00000000ef500000, 0x0000000100000000)
  eden space 375296K, 0% used [0x00000000d5f80000,0x00000000d5f80000,0x00000000ece00000)
  from space 17920K, 3% used [0x00000000ece00000,0x00000000eceaccb0,0x00000000edf80000)
  to   space 17920K, 0% used [0x00000000ee380000,0x00000000ee380000,0x00000000ef500000)
 ParOldGen       total 69632K, used 31945K [0x0000000081e00000, 0x0000000086200000, 0x00000000d5f80000)
  object space 69632K, 45% used [0x0000000081e00000,0x0000000083d326a0,0x0000000086200000)
 Metaspace       used 48937K, capacity 51838K, committed 52056K, reserved 1093632K
  class space    used 7017K, capacity 7549K, committed 7552K, reserved 1048576K
Event: 21.886 GC heap after
Heap after GC invocations=14 (full 3):
 PSYoungGen      total 393216K, used 0K [0x00000000d5f80000, 0x00000000ef500000, 0x0000000100000000)
  eden space 375296K, 0% used [0x00000000d5f80000,0x00000000d5f80000,0x00000000ece00000)
  from space 17920K, 0% used [0x00000000ece00000,0x00000000ece00000,0x00000000edf80000)
  to   space 17920K, 0% used [0x00000000ee380000,0x00000000ee380000,0x00000000ef500000)
 ParOldGen       total 69632K, used 17160K [0x0000000081e00000, 0x0000000086200000, 0x00000000d5f80000)
  object space 69632K, 24% used [0x0000000081e00000,0x0000000082ec2008,0x0000000086200000)
 Metaspace       used 48927K, capacity 51820K, committed 52056K, reserved 1093632K
  class space    used 7015K, capacity 7545K, committed 7552K, reserved 1048576K
}
Event: 49.735 GC heap before
{Heap before GC invocations=15 (full 3):
 PSYoungGen      total 393216K, used 375296K [0x00000000d5f80000, 0x00000000ef500000, 0x0000000100000000)
  eden space 375296K, 100% used [0x00000000d5f80000,0x00000000ece00000,0x00000000ece00000)
  from space 17920K, 0% used [0x00000000ece00000,0x00000000ece00000,0x00000000edf80000)
  to   space 17920K, 0% used [0x00000000ee380000,0x00000000ee380000,0x00000000ef500000)
 ParOldGen       total 69632K, used 17160K [0x0000000081e00000, 0x0000000086200000, 0x00000000d5f80000)
  object space 69632K, 24% used [0x0000000081e00000,0x0000000082ec2008,0x0000000086200000)
 Metaspace       used 58803K, capacity 62056K, committed 62296K, reserved 1103872K
  class space    used 7928K, capacity 8515K, committed 8576K, reserved 1048576K
Event: 49.757 GC heap after
Heap after GC invocations=15 (full 3):
 PSYoungGen      total 394240K, used 17909K [0x00000000d5f80000, 0x00000000f8c80000, 0x0000000100000000)
  eden space 376320K, 0% used [0x00000000d5f80000,0x00000000d5f80000,0x00000000ecf00000)
  from space 17920K, 99% used [0x00000000ee380000,0x00000000ef4fd498,0x00000000ef500000)
  to   space 20992K, 0% used [0x00000000ecf00000,0x00000000ecf00000,0x00000000ee380000)
 ParOldGen       total 69632K, used 17268K [0x0000000081e00000, 0x0000000086200000, 0x00000000d5f80000)
  object space 69632K, 24% used [0x0000000081e00000,0x0000000082edd148,0x0000000086200000)
 Metaspace       used 58803K, capacity 62056K, committed 62296K, reserved 1103872K
  class space    used 7928K, capacity 8515K, committed 8576K, reserved 1048576K
}
Event: 70.578 GC heap before
{Heap before GC invocations=16 (full 3):
 PSYoungGen      total 394240K, used 318256K [0x00000000d5f80000, 0x00000000f8c80000, 0x0000000100000000)
  eden space 376320K, 79% used [0x00000000d5f80000,0x00000000e84ceee8,0x00000000ecf00000)
  from space 17920K, 99% used [0x00000000ee380000,0x00000000ef4fd498,0x00000000ef500000)
  to   space 20992K, 0% used [0x00000000ecf00000,0x00000000ecf00000,0x00000000ee380000)
 ParOldGen       total 69632K, used 17268K [0x0000000081e00000, 0x0000000086200000, 0x00000000d5f80000)
  object space 69632K, 24% used [0x0000000081e00000,0x0000000082edd148,0x0000000086200000)
 Metaspace       used 59784K, capacity 63062K, committed 63192K, reserved 1103872K
  class space    used 8072K, capacity 8654K, committed 8704K, reserved 1048576K
Event: 70.651 GC heap after
Heap after GC invocations=16 (full 3):
 PSYoungGen      total 397312K, used 1218K [0x00000000d5f80000, 0x00000000f8080000, 0x0000000100000000)
  eden space 376320K, 0% used [0x00000000d5f80000,0x00000000d5f80000,0x00000000ecf00000)
  from space 20992K, 5% used [0x00000000ecf00000,0x00000000ed0309c0,0x00000000ee380000)
  to   space 20992K, 0% used [0x00000000f6c00000,0x00000000f6c00000,0x00000000f8080000)
 ParOldGen       total 201216K, used 155436K [0x0000000081e00000, 0x000000008e280000, 0x00000000d5f80000)
  object space 201216K, 77% used [0x0000000081e00000,0x000000008b5cb008,0x000000008e280000)
 Metaspace       used 59784K, capacity 63062K, committed 63192K, reserved 1103872K
  class space    used 8072K, capacity 8654K, committed 8704K, reserved 1048576K
}
Event: 70.651 GC heap before
{Heap before GC invocations=17 (full 4):
 PSYoungGen      total 397312K, used 1218K [0x00000000d5f80000, 0x00000000f8080000, 0x0000000100000000)
  eden space 376320K, 0% used [0x00000000d5f80000,0x00000000d5f80000,0x00000000ecf00000)
  from space 20992K, 5% used [0x00000000ecf00000,0x00000000ed0309c0,0x00000000ee380000)
  to   space 20992K, 0% used [0x00000000f6c00000,0x00000000f6c00000,0x00000000f8080000)
 ParOldGen       total 201216K, used 155436K [0x0000000081e00000, 0x000000008e280000, 0x00000000d5f80000)
  object space 201216K, 77% used [0x0000000081e00000,0x000000008b5cb008,0x000000008e280000)
 Metaspace       used 59784K, capacity 63062K, committed 63192K, reserved 1103872K
  class space    used 8072K, capacity 8654K, committed 8704K, reserved 1048576K
Event: 70.788 GC heap after
Heap after GC invocations=17 (full 4):
 PSYoungGen      total 397312K, used 0K [0x00000000d5f80000, 0x00000000f8080000, 0x0000000100000000)
  eden space 376320K, 0% used [0x00000000d5f80000,0x00000000d5f80000,0x00000000ecf00000)
  from space 20992K, 0% used [0x00000000ecf00000,0x00000000ecf00000,0x00000000ee380000)
  to   space 20992K, 0% used [0x00000000f6c00000,0x00000000f6c00000,0x00000000f8080000)
 ParOldGen       total 263680K, used 153352K [0x0000000081e00000, 0x0000000091f80000, 0x00000000d5f80000)
  object space 263680K, 58% used [0x0000000081e00000,0x000000008b3c2030,0x0000000091f80000)
 Metaspace       used 59776K, capacity 63050K, committed 63192K, reserved 1103872K
  class space    used 8071K, capacity 8652K, committed 8704K, reserved 1048576K
}

